ARM GAS  /tmp/cc7iXhfo.s 			page 1


   1              		.cpu cortex-m3
   2              		.arch armv7-m
   3              		.fpu softvfp
   4              		.eabi_attribute 20, 1
   5              		.eabi_attribute 21, 1
   6              		.eabi_attribute 23, 3
   7              		.eabi_attribute 24, 1
   8              		.eabi_attribute 25, 1
   9              		.eabi_attribute 26, 1
  10              		.eabi_attribute 30, 1
  11              		.eabi_attribute 34, 1
  12              		.eabi_attribute 18, 4
  13              		.file	"motor.c"
  14              		.text
  15              	.Ltext0:
  16              		.cfi_sections	.debug_frame
  17              		.file 1 "Core/Src/motor.c"
  18              		.section	.text.Motor_SetSpeed,"ax",%progbits
  19              		.align	1
  20              		.global	Motor_SetSpeed
  21              		.syntax unified
  22              		.thumb
  23              		.thumb_func
  25              	Motor_SetSpeed:
  26              	.LVL0:
  27              	.LFB66:
   1:Core/Src/motor.c **** /**
   2:Core/Src/motor.c ****  * @file    motor.c
   3:Core/Src/motor.c ****  * @brief   TB6612FNG motor driver — TIM1 PWM (20 kHz) + GPIO direction
   4:Core/Src/motor.c ****  */
   5:Core/Src/motor.c **** #include "motor.h"
   6:Core/Src/motor.c **** #include "main.h"
   7:Core/Src/motor.c **** 
   8:Core/Src/motor.c **** static TIM_HandleTypeDef htim1;
   9:Core/Src/motor.c **** 
  10:Core/Src/motor.c **** /* ========================== Init ======================================== */
  11:Core/Src/motor.c **** 
  12:Core/Src/motor.c **** void Motor_Init(void) {
  13:Core/Src/motor.c ****   /* ----- TIM1 PWM Init (PA8 = CH1, PA9 = CH2) ----- */
  14:Core/Src/motor.c ****   TIM_OC_InitTypeDef sConfigOC = {0};
  15:Core/Src/motor.c ****   TIM_BreakDeadTimeConfigTypeDef sBreakDeadTimeConfig = {0};
  16:Core/Src/motor.c **** 
  17:Core/Src/motor.c ****   htim1.Instance = TIM1;
  18:Core/Src/motor.c ****   htim1.Init.Prescaler = 0; /* 72 MHz / 1 = 72 MHz */
  19:Core/Src/motor.c ****   htim1.Init.CounterMode = TIM_COUNTERMODE_UP;
  20:Core/Src/motor.c ****   htim1.Init.Period = MOTOR_PWM_ARR; /* 72MHz / 3600 = 20 kHz */
  21:Core/Src/motor.c ****   htim1.Init.ClockDivision = TIM_CLOCKDIVISION_DIV1;
  22:Core/Src/motor.c ****   htim1.Init.RepetitionCounter = 0;
  23:Core/Src/motor.c ****   htim1.Init.AutoReloadPreload = TIM_AUTORELOAD_PRELOAD_ENABLE;
  24:Core/Src/motor.c ****   HAL_TIM_PWM_Init(&htim1);
  25:Core/Src/motor.c **** 
  26:Core/Src/motor.c ****   sConfigOC.OCMode = TIM_OCMODE_PWM1;
  27:Core/Src/motor.c ****   sConfigOC.Pulse = 0; /* Start with 0% duty */
  28:Core/Src/motor.c ****   sConfigOC.OCPolarity = TIM_OCPOLARITY_HIGH;
  29:Core/Src/motor.c ****   sConfigOC.OCFastMode = TIM_OCFAST_DISABLE;
  30:Core/Src/motor.c ****   sConfigOC.OCNPolarity = TIM_OCNPOLARITY_HIGH;
  31:Core/Src/motor.c ****   sConfigOC.OCIdleState = TIM_OCIDLESTATE_RESET;
ARM GAS  /tmp/cc7iXhfo.s 			page 2


  32:Core/Src/motor.c ****   sConfigOC.OCNIdleState = TIM_OCNIDLESTATE_RESET;
  33:Core/Src/motor.c **** 
  34:Core/Src/motor.c ****   HAL_TIM_PWM_ConfigChannel(&htim1, &sConfigOC, TIM_CHANNEL_1);
  35:Core/Src/motor.c ****   HAL_TIM_PWM_ConfigChannel(&htim1, &sConfigOC, TIM_CHANNEL_2);
  36:Core/Src/motor.c **** 
  37:Core/Src/motor.c ****   /* TIM1 is Advanced timer — need break/deadtime config */
  38:Core/Src/motor.c ****   sBreakDeadTimeConfig.OffStateRunMode = TIM_OSSR_DISABLE;
  39:Core/Src/motor.c ****   sBreakDeadTimeConfig.OffStateIDLEMode = TIM_OSSI_DISABLE;
  40:Core/Src/motor.c ****   sBreakDeadTimeConfig.LockLevel = TIM_LOCKLEVEL_OFF;
  41:Core/Src/motor.c ****   sBreakDeadTimeConfig.DeadTime = 0;
  42:Core/Src/motor.c ****   sBreakDeadTimeConfig.BreakState = TIM_BREAK_DISABLE;
  43:Core/Src/motor.c ****   sBreakDeadTimeConfig.BreakPolarity = TIM_BREAKPOLARITY_HIGH;
  44:Core/Src/motor.c ****   sBreakDeadTimeConfig.AutomaticOutput = TIM_AUTOMATICOUTPUT_ENABLE;
  45:Core/Src/motor.c ****   HAL_TIMEx_ConfigBreakDeadTime(&htim1, &sBreakDeadTimeConfig);
  46:Core/Src/motor.c **** 
  47:Core/Src/motor.c ****   /* Start PWM on both channels */
  48:Core/Src/motor.c ****   HAL_TIM_PWM_Start(&htim1, TIM_CHANNEL_1);
  49:Core/Src/motor.c ****   HAL_TIM_PWM_Start(&htim1, TIM_CHANNEL_2);
  50:Core/Src/motor.c **** 
  51:Core/Src/motor.c ****   /* ----- Direction GPIO Init ----- */
  52:Core/Src/motor.c ****   GPIO_InitTypeDef GPIO_InitStruct = {0};
  53:Core/Src/motor.c **** 
  54:Core/Src/motor.c ****   __HAL_RCC_GPIOB_CLK_ENABLE();
  55:Core/Src/motor.c **** 
  56:Core/Src/motor.c ****   /* PB10, PB11 = Motor A direction; PB12, PB13 = Motor B direction */
  57:Core/Src/motor.c ****   GPIO_InitStruct.Pin = MOTOR_A_IN1_PIN | MOTOR_A_IN2_PIN | MOTOR_B_IN1_PIN |
  58:Core/Src/motor.c ****                         MOTOR_B_IN2_PIN | MOTOR_STBY_PIN;
  59:Core/Src/motor.c ****   GPIO_InitStruct.Mode = GPIO_MODE_OUTPUT_PP;
  60:Core/Src/motor.c ****   GPIO_InitStruct.Speed = GPIO_SPEED_FREQ_LOW;
  61:Core/Src/motor.c ****   HAL_GPIO_Init(GPIOB, &GPIO_InitStruct);
  62:Core/Src/motor.c **** 
  63:Core/Src/motor.c ****   /* Enable TB6612 by default */
  64:Core/Src/motor.c ****   Motor_Enable();
  65:Core/Src/motor.c **** 
  66:Core/Src/motor.c ****   /* Start with motors stopped */
  67:Core/Src/motor.c ****   Motor_Coast();
  68:Core/Src/motor.c **** }
  69:Core/Src/motor.c **** 
  70:Core/Src/motor.c **** /* ========================== Set speed =================================== */
  71:Core/Src/motor.c **** 
  72:Core/Src/motor.c **** void Motor_SetSpeed(Motor_ID motor, int16_t speed) {
  28              		.loc 1 72 52 view -0
  29              		.cfi_startproc
  30              		@ args = 0, pretend = 0, frame = 0
  31              		@ frame_needed = 0, uses_anonymous_args = 0
  32              		.loc 1 72 52 is_stmt 0 view .LVU1
  33 0000 10B5     		push	{r4, lr}
  34              	.LCFI0:
  35              		.cfi_def_cfa_offset 8
  36              		.cfi_offset 4, -8
  37              		.cfi_offset 14, -4
  73:Core/Src/motor.c ****   /* Clamp to [-1000, +1000] */
  74:Core/Src/motor.c ****   if (speed > 1000)
  38              		.loc 1 74 3 is_stmt 1 view .LVU2
  39              		.loc 1 74 6 is_stmt 0 view .LVU3
  40 0002 B1F57A7F 		cmp	r1, #1000
  41 0006 22DC     		bgt	.L11
ARM GAS  /tmp/cc7iXhfo.s 			page 3


  75:Core/Src/motor.c ****     speed = 1000;
  76:Core/Src/motor.c ****   if (speed < -1000)
  42              		.loc 1 76 3 is_stmt 1 view .LVU4
  43              		.loc 1 76 6 is_stmt 0 view .LVU5
  44 0008 11F57A7F 		cmn	r1, #1000
  45 000c 21DA     		bge	.L2
  77:Core/Src/motor.c ****     speed = -1000;
  46              		.loc 1 77 11 view .LVU6
  47 000e 3D49     		ldr	r1, .L18
  48              	.LVL1:
  49              	.L3:
  78:Core/Src/motor.c **** 
  79:Core/Src/motor.c ****   /* Map |speed| 0..1000 → PWM 0..MOTOR_PWM_ARR */
  80:Core/Src/motor.c ****   uint16_t pwm;
  81:Core/Src/motor.c ****   if (speed >= 0)
  82:Core/Src/motor.c ****     pwm = (uint16_t)((uint32_t)speed * MOTOR_PWM_ARR / 1000);
  83:Core/Src/motor.c ****   else
  84:Core/Src/motor.c ****     pwm = (uint16_t)((uint32_t)(-speed) * MOTOR_PWM_ARR / 1000);
  50              		.loc 1 84 5 is_stmt 1 view .LVU7
  51              		.loc 1 84 41 is_stmt 0 view .LVU8
  52 0010 3D4B     		ldr	r3, .L18+4
  53 0012 01FB03F3 		mul	r3, r1, r3
  54              		.loc 1 84 57 view .LVU9
  55 0016 3D4A     		ldr	r2, .L18+8
  56 0018 A2FB0323 		umull	r2, r3, r2, r3
  57              		.loc 1 84 9 view .LVU10
  58 001c C3F38F13 		ubfx	r3, r3, #6, #16
  59              	.L4:
  60              	.LVL2:
  85:Core/Src/motor.c **** 
  86:Core/Src/motor.c ****   if (motor == MOTOR_LEFT) {
  61              		.loc 1 86 3 is_stmt 1 view .LVU11
  62              		.loc 1 86 6 is_stmt 0 view .LVU12
  63 0020 0028     		cmp	r0, #0
  64 0022 3ED1     		bne	.L5
  87:Core/Src/motor.c ****     __HAL_TIM_SET_COMPARE(&htim1, TIM_CHANNEL_1, pwm);
  65              		.loc 1 87 5 is_stmt 1 view .LVU13
  66 0024 3A4A     		ldr	r2, .L18+12
  67 0026 1268     		ldr	r2, [r2]
  68 0028 5363     		str	r3, [r2, #52]
  88:Core/Src/motor.c ****     if (speed > 0) {
  69              		.loc 1 88 5 view .LVU14
  70              		.loc 1 88 8 is_stmt 0 view .LVU15
  71 002a 0029     		cmp	r1, #0
  72 002c 1DDC     		bgt	.L14
  89:Core/Src/motor.c ****       HAL_GPIO_WritePin(MOTOR_A_DIR_PORT, MOTOR_A_IN1_PIN, GPIO_PIN_SET);
  90:Core/Src/motor.c ****       HAL_GPIO_WritePin(MOTOR_A_DIR_PORT, MOTOR_A_IN2_PIN, GPIO_PIN_RESET);
  91:Core/Src/motor.c ****     } else if (speed < 0) {
  73              		.loc 1 91 12 is_stmt 1 view .LVU16
  74              		.loc 1 91 15 is_stmt 0 view .LVU17
  75 002e 0029     		cmp	r1, #0
  76 0030 29DB     		blt	.L15
  92:Core/Src/motor.c ****       HAL_GPIO_WritePin(MOTOR_A_DIR_PORT, MOTOR_A_IN1_PIN, GPIO_PIN_RESET);
  93:Core/Src/motor.c ****       HAL_GPIO_WritePin(MOTOR_A_DIR_PORT, MOTOR_A_IN2_PIN, GPIO_PIN_SET);
  94:Core/Src/motor.c ****     } else {
  95:Core/Src/motor.c ****       HAL_GPIO_WritePin(MOTOR_A_DIR_PORT, MOTOR_A_IN1_PIN, GPIO_PIN_RESET);
  77              		.loc 1 95 7 is_stmt 1 view .LVU18
ARM GAS  /tmp/cc7iXhfo.s 			page 4


  78 0032 384C     		ldr	r4, .L18+16
  79 0034 0022     		movs	r2, #0
  80 0036 4FF48061 		mov	r1, #1024
  81 003a 2046     		mov	r0, r4
  82              	.LVL3:
  83              		.loc 1 95 7 is_stmt 0 view .LVU19
  84 003c FFF7FEFF 		bl	HAL_GPIO_WritePin
  85              	.LVL4:
  96:Core/Src/motor.c ****       HAL_GPIO_WritePin(MOTOR_A_DIR_PORT, MOTOR_A_IN2_PIN, GPIO_PIN_RESET);
  86              		.loc 1 96 7 is_stmt 1 view .LVU20
  87 0040 0022     		movs	r2, #0
  88 0042 4FF40061 		mov	r1, #2048
  89 0046 2046     		mov	r0, r4
  90 0048 FFF7FEFF 		bl	HAL_GPIO_WritePin
  91              	.LVL5:
  92 004c 1AE0     		b	.L1
  93              	.LVL6:
  94              	.L11:
  75:Core/Src/motor.c ****   if (speed < -1000)
  95              		.loc 1 75 11 is_stmt 0 view .LVU21
  96 004e 4FF47A71 		mov	r1, #1000
  97              	.LVL7:
  98              	.L2:
  80:Core/Src/motor.c ****   if (speed >= 0)
  99              		.loc 1 80 3 is_stmt 1 view .LVU22
  81:Core/Src/motor.c ****     pwm = (uint16_t)((uint32_t)speed * MOTOR_PWM_ARR / 1000);
 100              		.loc 1 81 3 view .LVU23
  81:Core/Src/motor.c ****     pwm = (uint16_t)((uint32_t)speed * MOTOR_PWM_ARR / 1000);
 101              		.loc 1 81 6 is_stmt 0 view .LVU24
 102 0052 0029     		cmp	r1, #0
 103 0054 DCDB     		blt	.L3
  82:Core/Src/motor.c ****   else
 104              		.loc 1 82 5 is_stmt 1 view .LVU25
  82:Core/Src/motor.c ****   else
 105              		.loc 1 82 38 is_stmt 0 view .LVU26
 106 0056 40F60F63 		movw	r3, #3599
 107 005a 01FB03F3 		mul	r3, r1, r3
  82:Core/Src/motor.c ****   else
 108              		.loc 1 82 54 view .LVU27
 109 005e 2B4A     		ldr	r2, .L18+8
 110 0060 A2FB0323 		umull	r2, r3, r2, r3
  82:Core/Src/motor.c ****   else
 111              		.loc 1 82 9 view .LVU28
 112 0064 C3F38F13 		ubfx	r3, r3, #6, #16
 113              	.LVL8:
  82:Core/Src/motor.c ****   else
 114              		.loc 1 82 9 view .LVU29
 115 0068 DAE7     		b	.L4
 116              	.LVL9:
 117              	.L14:
  89:Core/Src/motor.c ****       HAL_GPIO_WritePin(MOTOR_A_DIR_PORT, MOTOR_A_IN2_PIN, GPIO_PIN_RESET);
 118              		.loc 1 89 7 is_stmt 1 view .LVU30
 119 006a 2A4C     		ldr	r4, .L18+16
 120 006c 0122     		movs	r2, #1
 121 006e 4FF48061 		mov	r1, #1024
 122 0072 2046     		mov	r0, r4
 123              	.LVL10:
ARM GAS  /tmp/cc7iXhfo.s 			page 5


  89:Core/Src/motor.c ****       HAL_GPIO_WritePin(MOTOR_A_DIR_PORT, MOTOR_A_IN2_PIN, GPIO_PIN_RESET);
 124              		.loc 1 89 7 is_stmt 0 view .LVU31
 125 0074 FFF7FEFF 		bl	HAL_GPIO_WritePin
 126              	.LVL11:
  90:Core/Src/motor.c ****     } else if (speed < 0) {
 127              		.loc 1 90 7 is_stmt 1 view .LVU32
 128 0078 0022     		movs	r2, #0
 129 007a 4FF40061 		mov	r1, #2048
 130 007e 2046     		mov	r0, r4
 131 0080 FFF7FEFF 		bl	HAL_GPIO_WritePin
 132              	.LVL12:
 133              	.L1:
  97:Core/Src/motor.c ****     }
  98:Core/Src/motor.c ****   } else /* MOTOR_RIGHT — direction inverted (physically mirrored motor) */
  99:Core/Src/motor.c ****   {
 100:Core/Src/motor.c ****     __HAL_TIM_SET_COMPARE(&htim1, TIM_CHANNEL_2, pwm);
 101:Core/Src/motor.c ****     if (speed > 0) {
 102:Core/Src/motor.c ****       HAL_GPIO_WritePin(MOTOR_B_DIR_PORT, MOTOR_B_IN1_PIN, GPIO_PIN_RESET);
 103:Core/Src/motor.c ****       HAL_GPIO_WritePin(MOTOR_B_DIR_PORT, MOTOR_B_IN2_PIN, GPIO_PIN_SET);
 104:Core/Src/motor.c ****     } else if (speed < 0) {
 105:Core/Src/motor.c ****       HAL_GPIO_WritePin(MOTOR_B_DIR_PORT, MOTOR_B_IN1_PIN, GPIO_PIN_SET);
 106:Core/Src/motor.c ****       HAL_GPIO_WritePin(MOTOR_B_DIR_PORT, MOTOR_B_IN2_PIN, GPIO_PIN_RESET);
 107:Core/Src/motor.c ****     } else {
 108:Core/Src/motor.c ****       HAL_GPIO_WritePin(MOTOR_B_DIR_PORT, MOTOR_B_IN1_PIN, GPIO_PIN_RESET);
 109:Core/Src/motor.c ****       HAL_GPIO_WritePin(MOTOR_B_DIR_PORT, MOTOR_B_IN2_PIN, GPIO_PIN_RESET);
 110:Core/Src/motor.c ****     }
 111:Core/Src/motor.c ****   }
 112:Core/Src/motor.c **** }
 134              		.loc 1 112 1 is_stmt 0 view .LVU33
 135 0084 10BD     		pop	{r4, pc}
 136              	.LVL13:
 137              	.L15:
  92:Core/Src/motor.c ****       HAL_GPIO_WritePin(MOTOR_A_DIR_PORT, MOTOR_A_IN2_PIN, GPIO_PIN_SET);
 138              		.loc 1 92 7 is_stmt 1 view .LVU34
 139 0086 234C     		ldr	r4, .L18+16
 140 0088 0022     		movs	r2, #0
 141 008a 4FF48061 		mov	r1, #1024
 142 008e 2046     		mov	r0, r4
 143              	.LVL14:
  92:Core/Src/motor.c ****       HAL_GPIO_WritePin(MOTOR_A_DIR_PORT, MOTOR_A_IN2_PIN, GPIO_PIN_SET);
 144              		.loc 1 92 7 is_stmt 0 view .LVU35
 145 0090 FFF7FEFF 		bl	HAL_GPIO_WritePin
 146              	.LVL15:
  93:Core/Src/motor.c ****     } else {
 147              		.loc 1 93 7 is_stmt 1 view .LVU36
 148 0094 0122     		movs	r2, #1
 149 0096 4FF40061 		mov	r1, #2048
 150 009a 2046     		mov	r0, r4
 151 009c FFF7FEFF 		bl	HAL_GPIO_WritePin
 152              	.LVL16:
 153 00a0 F0E7     		b	.L1
 154              	.LVL17:
 155              	.L5:
 100:Core/Src/motor.c ****     if (speed > 0) {
 156              		.loc 1 100 5 view .LVU37
 157 00a2 1B4A     		ldr	r2, .L18+12
 158 00a4 1268     		ldr	r2, [r2]
ARM GAS  /tmp/cc7iXhfo.s 			page 6


 159 00a6 9363     		str	r3, [r2, #56]
 101:Core/Src/motor.c ****       HAL_GPIO_WritePin(MOTOR_B_DIR_PORT, MOTOR_B_IN1_PIN, GPIO_PIN_RESET);
 160              		.loc 1 101 5 view .LVU38
 101:Core/Src/motor.c ****       HAL_GPIO_WritePin(MOTOR_B_DIR_PORT, MOTOR_B_IN1_PIN, GPIO_PIN_RESET);
 161              		.loc 1 101 8 is_stmt 0 view .LVU39
 162 00a8 0029     		cmp	r1, #0
 163 00aa 0FDC     		bgt	.L16
 104:Core/Src/motor.c ****       HAL_GPIO_WritePin(MOTOR_B_DIR_PORT, MOTOR_B_IN1_PIN, GPIO_PIN_SET);
 164              		.loc 1 104 12 is_stmt 1 view .LVU40
 104:Core/Src/motor.c ****       HAL_GPIO_WritePin(MOTOR_B_DIR_PORT, MOTOR_B_IN1_PIN, GPIO_PIN_SET);
 165              		.loc 1 104 15 is_stmt 0 view .LVU41
 166 00ac 0029     		cmp	r1, #0
 167 00ae 1BDB     		blt	.L17
 108:Core/Src/motor.c ****       HAL_GPIO_WritePin(MOTOR_B_DIR_PORT, MOTOR_B_IN2_PIN, GPIO_PIN_RESET);
 168              		.loc 1 108 7 is_stmt 1 view .LVU42
 169 00b0 184C     		ldr	r4, .L18+16
 170 00b2 0022     		movs	r2, #0
 171 00b4 4FF48051 		mov	r1, #4096
 172 00b8 2046     		mov	r0, r4
 173              	.LVL18:
 108:Core/Src/motor.c ****       HAL_GPIO_WritePin(MOTOR_B_DIR_PORT, MOTOR_B_IN2_PIN, GPIO_PIN_RESET);
 174              		.loc 1 108 7 is_stmt 0 view .LVU43
 175 00ba FFF7FEFF 		bl	HAL_GPIO_WritePin
 176              	.LVL19:
 109:Core/Src/motor.c ****     }
 177              		.loc 1 109 7 is_stmt 1 view .LVU44
 178 00be 0022     		movs	r2, #0
 179 00c0 4FF40051 		mov	r1, #8192
 180 00c4 2046     		mov	r0, r4
 181 00c6 FFF7FEFF 		bl	HAL_GPIO_WritePin
 182              	.LVL20:
 183              		.loc 1 112 1 is_stmt 0 view .LVU45
 184 00ca DBE7     		b	.L1
 185              	.LVL21:
 186              	.L16:
 102:Core/Src/motor.c ****       HAL_GPIO_WritePin(MOTOR_B_DIR_PORT, MOTOR_B_IN2_PIN, GPIO_PIN_SET);
 187              		.loc 1 102 7 is_stmt 1 view .LVU46
 188 00cc 114C     		ldr	r4, .L18+16
 189 00ce 0022     		movs	r2, #0
 190 00d0 4FF48051 		mov	r1, #4096
 191 00d4 2046     		mov	r0, r4
 192              	.LVL22:
 102:Core/Src/motor.c ****       HAL_GPIO_WritePin(MOTOR_B_DIR_PORT, MOTOR_B_IN2_PIN, GPIO_PIN_SET);
 193              		.loc 1 102 7 is_stmt 0 view .LVU47
 194 00d6 FFF7FEFF 		bl	HAL_GPIO_WritePin
 195              	.LVL23:
 103:Core/Src/motor.c ****     } else if (speed < 0) {
 196              		.loc 1 103 7 is_stmt 1 view .LVU48
 197 00da 0122     		movs	r2, #1
 198 00dc 4FF40051 		mov	r1, #8192
 199 00e0 2046     		mov	r0, r4
 200 00e2 FFF7FEFF 		bl	HAL_GPIO_WritePin
 201              	.LVL24:
 202 00e6 CDE7     		b	.L1
 203              	.LVL25:
 204              	.L17:
 105:Core/Src/motor.c ****       HAL_GPIO_WritePin(MOTOR_B_DIR_PORT, MOTOR_B_IN2_PIN, GPIO_PIN_RESET);
ARM GAS  /tmp/cc7iXhfo.s 			page 7


 205              		.loc 1 105 7 view .LVU49
 206 00e8 0A4C     		ldr	r4, .L18+16
 207 00ea 0122     		movs	r2, #1
 208 00ec 4FF48051 		mov	r1, #4096
 209 00f0 2046     		mov	r0, r4
 210              	.LVL26:
 105:Core/Src/motor.c ****       HAL_GPIO_WritePin(MOTOR_B_DIR_PORT, MOTOR_B_IN2_PIN, GPIO_PIN_RESET);
 211              		.loc 1 105 7 is_stmt 0 view .LVU50
 212 00f2 FFF7FEFF 		bl	HAL_GPIO_WritePin
 213              	.LVL27:
 106:Core/Src/motor.c ****     } else {
 214              		.loc 1 106 7 is_stmt 1 view .LVU51
 215 00f6 0022     		movs	r2, #0
 216 00f8 4FF40051 		mov	r1, #8192
 217 00fc 2046     		mov	r0, r4
 218 00fe FFF7FEFF 		bl	HAL_GPIO_WritePin
 219              	.LVL28:
 220 0102 BFE7     		b	.L1
 221              	.L19:
 222              		.align	2
 223              	.L18:
 224 0104 18FCFFFF 		.word	-1000
 225 0108 F1F1FFFF 		.word	-3599
 226 010c D34D6210 		.word	274877907
 227 0110 00000000 		.word	htim1
 228 0114 000C0140 		.word	1073810432
 229              		.cfi_endproc
 230              	.LFE66:
 232              		.section	.text.Motor_Brake,"ax",%progbits
 233              		.align	1
 234              		.global	Motor_Brake
 235              		.syntax unified
 236              		.thumb
 237              		.thumb_func
 239              	Motor_Brake:
 240              	.LFB67:
 113:Core/Src/motor.c **** 
 114:Core/Src/motor.c **** void Motor_Brake(void) {
 241              		.loc 1 114 24 view -0
 242              		.cfi_startproc
 243              		@ args = 0, pretend = 0, frame = 0
 244              		@ frame_needed = 0, uses_anonymous_args = 0
 245 0000 10B5     		push	{r4, lr}
 246              	.LCFI1:
 247              		.cfi_def_cfa_offset 8
 248              		.cfi_offset 4, -8
 249              		.cfi_offset 14, -4
 115:Core/Src/motor.c ****   /* Short brake: IN1=HIGH, IN2=HIGH, PWM=whatever */
 116:Core/Src/motor.c ****   HAL_GPIO_WritePin(MOTOR_A_DIR_PORT, MOTOR_A_IN1_PIN, GPIO_PIN_SET);
 250              		.loc 1 116 3 view .LVU53
 251 0002 0D4C     		ldr	r4, .L22
 252 0004 0122     		movs	r2, #1
 253 0006 4FF48061 		mov	r1, #1024
 254 000a 2046     		mov	r0, r4
 255 000c FFF7FEFF 		bl	HAL_GPIO_WritePin
 256              	.LVL29:
 117:Core/Src/motor.c ****   HAL_GPIO_WritePin(MOTOR_A_DIR_PORT, MOTOR_A_IN2_PIN, GPIO_PIN_SET);
ARM GAS  /tmp/cc7iXhfo.s 			page 8


 257              		.loc 1 117 3 view .LVU54
 258 0010 0122     		movs	r2, #1
 259 0012 4FF40061 		mov	r1, #2048
 260 0016 2046     		mov	r0, r4
 261 0018 FFF7FEFF 		bl	HAL_GPIO_WritePin
 262              	.LVL30:
 118:Core/Src/motor.c ****   HAL_GPIO_WritePin(MOTOR_B_DIR_PORT, MOTOR_B_IN1_PIN, GPIO_PIN_SET);
 263              		.loc 1 118 3 view .LVU55
 264 001c 0122     		movs	r2, #1
 265 001e 4FF48051 		mov	r1, #4096
 266 0022 2046     		mov	r0, r4
 267 0024 FFF7FEFF 		bl	HAL_GPIO_WritePin
 268              	.LVL31:
 119:Core/Src/motor.c ****   HAL_GPIO_WritePin(MOTOR_B_DIR_PORT, MOTOR_B_IN2_PIN, GPIO_PIN_SET);
 269              		.loc 1 119 3 view .LVU56
 270 0028 0122     		movs	r2, #1
 271 002a 4FF40051 		mov	r1, #8192
 272 002e 2046     		mov	r0, r4
 273 0030 FFF7FEFF 		bl	HAL_GPIO_WritePin
 274              	.LVL32:
 120:Core/Src/motor.c **** }
 275              		.loc 1 120 1 is_stmt 0 view .LVU57
 276 0034 10BD     		pop	{r4, pc}
 277              	.L23:
 278 0036 00BF     		.align	2
 279              	.L22:
 280 0038 000C0140 		.word	1073810432
 281              		.cfi_endproc
 282              	.LFE67:
 284              		.section	.text.Motor_Coast,"ax",%progbits
 285              		.align	1
 286              		.global	Motor_Coast
 287              		.syntax unified
 288              		.thumb
 289              		.thumb_func
 291              	Motor_Coast:
 292              	.LFB68:
 121:Core/Src/motor.c **** 
 122:Core/Src/motor.c **** void Motor_Coast(void) {
 293              		.loc 1 122 24 is_stmt 1 view -0
 294              		.cfi_startproc
 295              		@ args = 0, pretend = 0, frame = 0
 296              		@ frame_needed = 0, uses_anonymous_args = 0
 297 0000 10B5     		push	{r4, lr}
 298              	.LCFI2:
 299              		.cfi_def_cfa_offset 8
 300              		.cfi_offset 4, -8
 301              		.cfi_offset 14, -4
 123:Core/Src/motor.c ****   /* Coast: IN1=LOW, IN2=LOW */
 124:Core/Src/motor.c ****   HAL_GPIO_WritePin(MOTOR_A_DIR_PORT, MOTOR_A_IN1_PIN, GPIO_PIN_RESET);
 302              		.loc 1 124 3 view .LVU59
 303 0002 0F4C     		ldr	r4, .L26
 304 0004 0022     		movs	r2, #0
 305 0006 4FF48061 		mov	r1, #1024
 306 000a 2046     		mov	r0, r4
 307 000c FFF7FEFF 		bl	HAL_GPIO_WritePin
 308              	.LVL33:
ARM GAS  /tmp/cc7iXhfo.s 			page 9


 125:Core/Src/motor.c ****   HAL_GPIO_WritePin(MOTOR_A_DIR_PORT, MOTOR_A_IN2_PIN, GPIO_PIN_RESET);
 309              		.loc 1 125 3 view .LVU60
 310 0010 0022     		movs	r2, #0
 311 0012 4FF40061 		mov	r1, #2048
 312 0016 2046     		mov	r0, r4
 313 0018 FFF7FEFF 		bl	HAL_GPIO_WritePin
 314              	.LVL34:
 126:Core/Src/motor.c ****   HAL_GPIO_WritePin(MOTOR_B_DIR_PORT, MOTOR_B_IN1_PIN, GPIO_PIN_RESET);
 315              		.loc 1 126 3 view .LVU61
 316 001c 0022     		movs	r2, #0
 317 001e 4FF48051 		mov	r1, #4096
 318 0022 2046     		mov	r0, r4
 319 0024 FFF7FEFF 		bl	HAL_GPIO_WritePin
 320              	.LVL35:
 127:Core/Src/motor.c ****   HAL_GPIO_WritePin(MOTOR_B_DIR_PORT, MOTOR_B_IN2_PIN, GPIO_PIN_RESET);
 321              		.loc 1 127 3 view .LVU62
 322 0028 0022     		movs	r2, #0
 323 002a 4FF40051 		mov	r1, #8192
 324 002e 2046     		mov	r0, r4
 325 0030 FFF7FEFF 		bl	HAL_GPIO_WritePin
 326              	.LVL36:
 128:Core/Src/motor.c ****   __HAL_TIM_SET_COMPARE(&htim1, TIM_CHANNEL_1, 0);
 327              		.loc 1 128 3 view .LVU63
 328 0034 034B     		ldr	r3, .L26+4
 329 0036 1B68     		ldr	r3, [r3]
 330 0038 0022     		movs	r2, #0
 331 003a 5A63     		str	r2, [r3, #52]
 129:Core/Src/motor.c ****   __HAL_TIM_SET_COMPARE(&htim1, TIM_CHANNEL_2, 0);
 332              		.loc 1 129 3 view .LVU64
 333 003c 9A63     		str	r2, [r3, #56]
 130:Core/Src/motor.c **** }
 334              		.loc 1 130 1 is_stmt 0 view .LVU65
 335 003e 10BD     		pop	{r4, pc}
 336              	.L27:
 337              		.align	2
 338              	.L26:
 339 0040 000C0140 		.word	1073810432
 340 0044 00000000 		.word	htim1
 341              		.cfi_endproc
 342              	.LFE68:
 344              		.section	.text.Motor_Enable,"ax",%progbits
 345              		.align	1
 346              		.global	Motor_Enable
 347              		.syntax unified
 348              		.thumb
 349              		.thumb_func
 351              	Motor_Enable:
 352              	.LFB69:
 131:Core/Src/motor.c **** 
 132:Core/Src/motor.c **** void Motor_Enable(void) {
 353              		.loc 1 132 25 is_stmt 1 view -0
 354              		.cfi_startproc
 355              		@ args = 0, pretend = 0, frame = 0
 356              		@ frame_needed = 0, uses_anonymous_args = 0
 357 0000 08B5     		push	{r3, lr}
 358              	.LCFI3:
 359              		.cfi_def_cfa_offset 8
ARM GAS  /tmp/cc7iXhfo.s 			page 10


 360              		.cfi_offset 3, -8
 361              		.cfi_offset 14, -4
 133:Core/Src/motor.c ****   HAL_GPIO_WritePin(MOTOR_STBY_PORT, MOTOR_STBY_PIN, GPIO_PIN_SET);
 362              		.loc 1 133 3 view .LVU67
 363 0002 0122     		movs	r2, #1
 364 0004 4FF48041 		mov	r1, #16384
 365 0008 0148     		ldr	r0, .L30
 366 000a FFF7FEFF 		bl	HAL_GPIO_WritePin
 367              	.LVL37:
 134:Core/Src/motor.c **** }
 368              		.loc 1 134 1 is_stmt 0 view .LVU68
 369 000e 08BD     		pop	{r3, pc}
 370              	.L31:
 371              		.align	2
 372              	.L30:
 373 0010 000C0140 		.word	1073810432
 374              		.cfi_endproc
 375              	.LFE69:
 377              		.section	.text.Motor_Init,"ax",%progbits
 378              		.align	1
 379              		.global	Motor_Init
 380              		.syntax unified
 381              		.thumb
 382              		.thumb_func
 384              	Motor_Init:
 385              	.LFB65:
  12:Core/Src/motor.c ****   /* ----- TIM1 PWM Init (PA8 = CH1, PA9 = CH2) ----- */
 386              		.loc 1 12 23 is_stmt 1 view -0
 387              		.cfi_startproc
 388              		@ args = 0, pretend = 0, frame = 80
 389              		@ frame_needed = 0, uses_anonymous_args = 0
 390 0000 F0B5     		push	{r4, r5, r6, r7, lr}
 391              	.LCFI4:
 392              		.cfi_def_cfa_offset 20
 393              		.cfi_offset 4, -20
 394              		.cfi_offset 5, -16
 395              		.cfi_offset 6, -12
 396              		.cfi_offset 7, -8
 397              		.cfi_offset 14, -4
 398 0002 95B0     		sub	sp, sp, #84
 399              	.LCFI5:
 400              		.cfi_def_cfa_offset 104
  14:Core/Src/motor.c ****   TIM_BreakDeadTimeConfigTypeDef sBreakDeadTimeConfig = {0};
 401              		.loc 1 14 3 view .LVU70
  14:Core/Src/motor.c ****   TIM_BreakDeadTimeConfigTypeDef sBreakDeadTimeConfig = {0};
 402              		.loc 1 14 22 is_stmt 0 view .LVU71
 403 0004 0DAE     		add	r6, sp, #52
 404 0006 0024     		movs	r4, #0
 405 0008 0D94     		str	r4, [sp, #52]
 406 000a 0E94     		str	r4, [sp, #56]
 407 000c 0F94     		str	r4, [sp, #60]
 408 000e 1094     		str	r4, [sp, #64]
 409 0010 1194     		str	r4, [sp, #68]
 410 0012 1294     		str	r4, [sp, #72]
 411 0014 1394     		str	r4, [sp, #76]
  15:Core/Src/motor.c **** 
 412              		.loc 1 15 3 is_stmt 1 view .LVU72
ARM GAS  /tmp/cc7iXhfo.s 			page 11


  15:Core/Src/motor.c **** 
 413              		.loc 1 15 34 is_stmt 0 view .LVU73
 414 0016 05AF     		add	r7, sp, #20
 415 0018 2022     		movs	r2, #32
 416 001a 2146     		mov	r1, r4
 417 001c 3846     		mov	r0, r7
 418 001e FFF7FEFF 		bl	memset
 419              	.LVL38:
  17:Core/Src/motor.c ****   htim1.Init.Prescaler = 0; /* 72 MHz / 1 = 72 MHz */
 420              		.loc 1 17 3 is_stmt 1 view .LVU74
  17:Core/Src/motor.c ****   htim1.Init.Prescaler = 0; /* 72 MHz / 1 = 72 MHz */
 421              		.loc 1 17 18 is_stmt 0 view .LVU75
 422 0022 2B4D     		ldr	r5, .L34
 423 0024 2B4B     		ldr	r3, .L34+4
 424 0026 2B60     		str	r3, [r5]
  18:Core/Src/motor.c ****   htim1.Init.CounterMode = TIM_COUNTERMODE_UP;
 425              		.loc 1 18 3 is_stmt 1 view .LVU76
  18:Core/Src/motor.c ****   htim1.Init.CounterMode = TIM_COUNTERMODE_UP;
 426              		.loc 1 18 24 is_stmt 0 view .LVU77
 427 0028 6C60     		str	r4, [r5, #4]
  19:Core/Src/motor.c ****   htim1.Init.Period = MOTOR_PWM_ARR; /* 72MHz / 3600 = 20 kHz */
 428              		.loc 1 19 3 is_stmt 1 view .LVU78
  19:Core/Src/motor.c ****   htim1.Init.Period = MOTOR_PWM_ARR; /* 72MHz / 3600 = 20 kHz */
 429              		.loc 1 19 26 is_stmt 0 view .LVU79
 430 002a AC60     		str	r4, [r5, #8]
  20:Core/Src/motor.c ****   htim1.Init.ClockDivision = TIM_CLOCKDIVISION_DIV1;
 431              		.loc 1 20 3 is_stmt 1 view .LVU80
  20:Core/Src/motor.c ****   htim1.Init.ClockDivision = TIM_CLOCKDIVISION_DIV1;
 432              		.loc 1 20 21 is_stmt 0 view .LVU81
 433 002c 40F60F63 		movw	r3, #3599
 434 0030 EB60     		str	r3, [r5, #12]
  21:Core/Src/motor.c ****   htim1.Init.RepetitionCounter = 0;
 435              		.loc 1 21 3 is_stmt 1 view .LVU82
  21:Core/Src/motor.c ****   htim1.Init.RepetitionCounter = 0;
 436              		.loc 1 21 28 is_stmt 0 view .LVU83
 437 0032 2C61     		str	r4, [r5, #16]
  22:Core/Src/motor.c ****   htim1.Init.AutoReloadPreload = TIM_AUTORELOAD_PRELOAD_ENABLE;
 438              		.loc 1 22 3 is_stmt 1 view .LVU84
  22:Core/Src/motor.c ****   htim1.Init.AutoReloadPreload = TIM_AUTORELOAD_PRELOAD_ENABLE;
 439              		.loc 1 22 32 is_stmt 0 view .LVU85
 440 0034 6C61     		str	r4, [r5, #20]
  23:Core/Src/motor.c ****   HAL_TIM_PWM_Init(&htim1);
 441              		.loc 1 23 3 is_stmt 1 view .LVU86
  23:Core/Src/motor.c ****   HAL_TIM_PWM_Init(&htim1);
 442              		.loc 1 23 32 is_stmt 0 view .LVU87
 443 0036 8023     		movs	r3, #128
 444 0038 AB61     		str	r3, [r5, #24]
  24:Core/Src/motor.c **** 
 445              		.loc 1 24 3 is_stmt 1 view .LVU88
 446 003a 2846     		mov	r0, r5
 447 003c FFF7FEFF 		bl	HAL_TIM_PWM_Init
 448              	.LVL39:
  26:Core/Src/motor.c ****   sConfigOC.Pulse = 0; /* Start with 0% duty */
 449              		.loc 1 26 3 view .LVU89
  26:Core/Src/motor.c ****   sConfigOC.Pulse = 0; /* Start with 0% duty */
 450              		.loc 1 26 20 is_stmt 0 view .LVU90
 451 0040 6023     		movs	r3, #96
ARM GAS  /tmp/cc7iXhfo.s 			page 12


 452 0042 0D93     		str	r3, [sp, #52]
  27:Core/Src/motor.c ****   sConfigOC.OCPolarity = TIM_OCPOLARITY_HIGH;
 453              		.loc 1 27 3 is_stmt 1 view .LVU91
  27:Core/Src/motor.c ****   sConfigOC.OCPolarity = TIM_OCPOLARITY_HIGH;
 454              		.loc 1 27 19 is_stmt 0 view .LVU92
 455 0044 0E94     		str	r4, [sp, #56]
  28:Core/Src/motor.c ****   sConfigOC.OCFastMode = TIM_OCFAST_DISABLE;
 456              		.loc 1 28 3 is_stmt 1 view .LVU93
  28:Core/Src/motor.c ****   sConfigOC.OCFastMode = TIM_OCFAST_DISABLE;
 457              		.loc 1 28 24 is_stmt 0 view .LVU94
 458 0046 0F94     		str	r4, [sp, #60]
  29:Core/Src/motor.c ****   sConfigOC.OCNPolarity = TIM_OCNPOLARITY_HIGH;
 459              		.loc 1 29 3 is_stmt 1 view .LVU95
  29:Core/Src/motor.c ****   sConfigOC.OCNPolarity = TIM_OCNPOLARITY_HIGH;
 460              		.loc 1 29 24 is_stmt 0 view .LVU96
 461 0048 1194     		str	r4, [sp, #68]
  30:Core/Src/motor.c ****   sConfigOC.OCIdleState = TIM_OCIDLESTATE_RESET;
 462              		.loc 1 30 3 is_stmt 1 view .LVU97
  30:Core/Src/motor.c ****   sConfigOC.OCIdleState = TIM_OCIDLESTATE_RESET;
 463              		.loc 1 30 25 is_stmt 0 view .LVU98
 464 004a 1094     		str	r4, [sp, #64]
  31:Core/Src/motor.c ****   sConfigOC.OCNIdleState = TIM_OCNIDLESTATE_RESET;
 465              		.loc 1 31 3 is_stmt 1 view .LVU99
  31:Core/Src/motor.c ****   sConfigOC.OCNIdleState = TIM_OCNIDLESTATE_RESET;
 466              		.loc 1 31 25 is_stmt 0 view .LVU100
 467 004c 1294     		str	r4, [sp, #72]
  32:Core/Src/motor.c **** 
 468              		.loc 1 32 3 is_stmt 1 view .LVU101
  32:Core/Src/motor.c **** 
 469              		.loc 1 32 26 is_stmt 0 view .LVU102
 470 004e 1394     		str	r4, [sp, #76]
  34:Core/Src/motor.c ****   HAL_TIM_PWM_ConfigChannel(&htim1, &sConfigOC, TIM_CHANNEL_2);
 471              		.loc 1 34 3 is_stmt 1 view .LVU103
 472 0050 2246     		mov	r2, r4
 473 0052 3146     		mov	r1, r6
 474 0054 2846     		mov	r0, r5
 475 0056 FFF7FEFF 		bl	HAL_TIM_PWM_ConfigChannel
 476              	.LVL40:
  35:Core/Src/motor.c **** 
 477              		.loc 1 35 3 view .LVU104
 478 005a 0422     		movs	r2, #4
 479 005c 3146     		mov	r1, r6
 480 005e 2846     		mov	r0, r5
 481 0060 FFF7FEFF 		bl	HAL_TIM_PWM_ConfigChannel
 482              	.LVL41:
  38:Core/Src/motor.c ****   sBreakDeadTimeConfig.OffStateIDLEMode = TIM_OSSI_DISABLE;
 483              		.loc 1 38 3 view .LVU105
  38:Core/Src/motor.c ****   sBreakDeadTimeConfig.OffStateIDLEMode = TIM_OSSI_DISABLE;
 484              		.loc 1 38 40 is_stmt 0 view .LVU106
 485 0064 0594     		str	r4, [sp, #20]
  39:Core/Src/motor.c ****   sBreakDeadTimeConfig.LockLevel = TIM_LOCKLEVEL_OFF;
 486              		.loc 1 39 3 is_stmt 1 view .LVU107
  39:Core/Src/motor.c ****   sBreakDeadTimeConfig.LockLevel = TIM_LOCKLEVEL_OFF;
 487              		.loc 1 39 41 is_stmt 0 view .LVU108
 488 0066 0694     		str	r4, [sp, #24]
  40:Core/Src/motor.c ****   sBreakDeadTimeConfig.DeadTime = 0;
 489              		.loc 1 40 3 is_stmt 1 view .LVU109
ARM GAS  /tmp/cc7iXhfo.s 			page 13


  40:Core/Src/motor.c ****   sBreakDeadTimeConfig.DeadTime = 0;
 490              		.loc 1 40 34 is_stmt 0 view .LVU110
 491 0068 0794     		str	r4, [sp, #28]
  41:Core/Src/motor.c ****   sBreakDeadTimeConfig.BreakState = TIM_BREAK_DISABLE;
 492              		.loc 1 41 3 is_stmt 1 view .LVU111
  41:Core/Src/motor.c ****   sBreakDeadTimeConfig.BreakState = TIM_BREAK_DISABLE;
 493              		.loc 1 41 33 is_stmt 0 view .LVU112
 494 006a 0894     		str	r4, [sp, #32]
  42:Core/Src/motor.c ****   sBreakDeadTimeConfig.BreakPolarity = TIM_BREAKPOLARITY_HIGH;
 495              		.loc 1 42 3 is_stmt 1 view .LVU113
  42:Core/Src/motor.c ****   sBreakDeadTimeConfig.BreakPolarity = TIM_BREAKPOLARITY_HIGH;
 496              		.loc 1 42 35 is_stmt 0 view .LVU114
 497 006c 0994     		str	r4, [sp, #36]
  43:Core/Src/motor.c ****   sBreakDeadTimeConfig.AutomaticOutput = TIM_AUTOMATICOUTPUT_ENABLE;
 498              		.loc 1 43 3 is_stmt 1 view .LVU115
  43:Core/Src/motor.c ****   sBreakDeadTimeConfig.AutomaticOutput = TIM_AUTOMATICOUTPUT_ENABLE;
 499              		.loc 1 43 38 is_stmt 0 view .LVU116
 500 006e 4FF40053 		mov	r3, #8192
 501 0072 0A93     		str	r3, [sp, #40]
  44:Core/Src/motor.c ****   HAL_TIMEx_ConfigBreakDeadTime(&htim1, &sBreakDeadTimeConfig);
 502              		.loc 1 44 3 is_stmt 1 view .LVU117
  44:Core/Src/motor.c ****   HAL_TIMEx_ConfigBreakDeadTime(&htim1, &sBreakDeadTimeConfig);
 503              		.loc 1 44 40 is_stmt 0 view .LVU118
 504 0074 4FF48043 		mov	r3, #16384
 505 0078 0C93     		str	r3, [sp, #48]
  45:Core/Src/motor.c **** 
 506              		.loc 1 45 3 is_stmt 1 view .LVU119
 507 007a 3946     		mov	r1, r7
 508 007c 2846     		mov	r0, r5
 509 007e FFF7FEFF 		bl	HAL_TIMEx_ConfigBreakDeadTime
 510              	.LVL42:
  48:Core/Src/motor.c ****   HAL_TIM_PWM_Start(&htim1, TIM_CHANNEL_2);
 511              		.loc 1 48 3 view .LVU120
 512 0082 2146     		mov	r1, r4
 513 0084 2846     		mov	r0, r5
 514 0086 FFF7FEFF 		bl	HAL_TIM_PWM_Start
 515              	.LVL43:
  49:Core/Src/motor.c **** 
 516              		.loc 1 49 3 view .LVU121
 517 008a 0421     		movs	r1, #4
 518 008c 2846     		mov	r0, r5
 519 008e FFF7FEFF 		bl	HAL_TIM_PWM_Start
 520              	.LVL44:
  52:Core/Src/motor.c **** 
 521              		.loc 1 52 3 view .LVU122
  52:Core/Src/motor.c **** 
 522              		.loc 1 52 20 is_stmt 0 view .LVU123
 523 0092 01A9     		add	r1, sp, #4
 524 0094 0194     		str	r4, [sp, #4]
 525 0096 4C60     		str	r4, [r1, #4]
 526 0098 8C60     		str	r4, [r1, #8]
 527 009a CC60     		str	r4, [r1, #12]
  54:Core/Src/motor.c **** 
 528              		.loc 1 54 3 is_stmt 1 view .LVU124
 529              	.LBB2:
  54:Core/Src/motor.c **** 
 530              		.loc 1 54 3 view .LVU125
ARM GAS  /tmp/cc7iXhfo.s 			page 14


  54:Core/Src/motor.c **** 
 531              		.loc 1 54 3 view .LVU126
 532 009c 0E4B     		ldr	r3, .L34+8
 533 009e 9A69     		ldr	r2, [r3, #24]
 534 00a0 42F00802 		orr	r2, r2, #8
 535 00a4 9A61     		str	r2, [r3, #24]
  54:Core/Src/motor.c **** 
 536              		.loc 1 54 3 view .LVU127
 537 00a6 9B69     		ldr	r3, [r3, #24]
 538 00a8 03F00803 		and	r3, r3, #8
 539 00ac 0093     		str	r3, [sp]
  54:Core/Src/motor.c **** 
 540              		.loc 1 54 3 view .LVU128
 541 00ae 009B     		ldr	r3, [sp]
 542              	.LBE2:
  54:Core/Src/motor.c **** 
 543              		.loc 1 54 3 view .LVU129
  57:Core/Src/motor.c ****                         MOTOR_B_IN2_PIN | MOTOR_STBY_PIN;
 544              		.loc 1 57 3 view .LVU130
  57:Core/Src/motor.c ****                         MOTOR_B_IN2_PIN | MOTOR_STBY_PIN;
 545              		.loc 1 57 23 is_stmt 0 view .LVU131
 546 00b0 4FF4F843 		mov	r3, #31744
 547 00b4 0193     		str	r3, [sp, #4]
  59:Core/Src/motor.c ****   GPIO_InitStruct.Speed = GPIO_SPEED_FREQ_LOW;
 548              		.loc 1 59 3 is_stmt 1 view .LVU132
  59:Core/Src/motor.c ****   GPIO_InitStruct.Speed = GPIO_SPEED_FREQ_LOW;
 549              		.loc 1 59 24 is_stmt 0 view .LVU133
 550 00b6 0123     		movs	r3, #1
 551 00b8 0293     		str	r3, [sp, #8]
  60:Core/Src/motor.c ****   HAL_GPIO_Init(GPIOB, &GPIO_InitStruct);
 552              		.loc 1 60 3 is_stmt 1 view .LVU134
  60:Core/Src/motor.c ****   HAL_GPIO_Init(GPIOB, &GPIO_InitStruct);
 553              		.loc 1 60 25 is_stmt 0 view .LVU135
 554 00ba 0223     		movs	r3, #2
 555 00bc 0493     		str	r3, [sp, #16]
  61:Core/Src/motor.c **** 
 556              		.loc 1 61 3 is_stmt 1 view .LVU136
 557 00be 0748     		ldr	r0, .L34+12
 558 00c0 FFF7FEFF 		bl	HAL_GPIO_Init
 559              	.LVL45:
  64:Core/Src/motor.c **** 
 560              		.loc 1 64 3 view .LVU137
 561 00c4 FFF7FEFF 		bl	Motor_Enable
 562              	.LVL46:
  67:Core/Src/motor.c **** }
 563              		.loc 1 67 3 view .LVU138
 564 00c8 FFF7FEFF 		bl	Motor_Coast
 565              	.LVL47:
  68:Core/Src/motor.c **** 
 566              		.loc 1 68 1 is_stmt 0 view .LVU139
 567 00cc 15B0     		add	sp, sp, #84
 568              	.LCFI6:
 569              		.cfi_def_cfa_offset 20
 570              		@ sp needed
 571 00ce F0BD     		pop	{r4, r5, r6, r7, pc}
 572              	.L35:
 573              		.align	2
ARM GAS  /tmp/cc7iXhfo.s 			page 15


 574              	.L34:
 575 00d0 00000000 		.word	htim1
 576 00d4 002C0140 		.word	1073818624
 577 00d8 00100240 		.word	1073876992
 578 00dc 000C0140 		.word	1073810432
 579              		.cfi_endproc
 580              	.LFE65:
 582              		.section	.text.Motor_Disable,"ax",%progbits
 583              		.align	1
 584              		.global	Motor_Disable
 585              		.syntax unified
 586              		.thumb
 587              		.thumb_func
 589              	Motor_Disable:
 590              	.LFB70:
 135:Core/Src/motor.c **** 
 136:Core/Src/motor.c **** void Motor_Disable(void) {
 591              		.loc 1 136 26 is_stmt 1 view -0
 592              		.cfi_startproc
 593              		@ args = 0, pretend = 0, frame = 0
 594              		@ frame_needed = 0, uses_anonymous_args = 0
 595 0000 08B5     		push	{r3, lr}
 596              	.LCFI7:
 597              		.cfi_def_cfa_offset 8
 598              		.cfi_offset 3, -8
 599              		.cfi_offset 14, -4
 137:Core/Src/motor.c ****   HAL_GPIO_WritePin(MOTOR_STBY_PORT, MOTOR_STBY_PIN, GPIO_PIN_RESET);
 600              		.loc 1 137 3 view .LVU141
 601 0002 0022     		movs	r2, #0
 602 0004 4FF48041 		mov	r1, #16384
 603 0008 0148     		ldr	r0, .L38
 604 000a FFF7FEFF 		bl	HAL_GPIO_WritePin
 605              	.LVL48:
 138:Core/Src/motor.c **** }
 606              		.loc 1 138 1 is_stmt 0 view .LVU142
 607 000e 08BD     		pop	{r3, pc}
 608              	.L39:
 609              		.align	2
 610              	.L38:
 611 0010 000C0140 		.word	1073810432
 612              		.cfi_endproc
 613              	.LFE70:
 615              		.section	.bss.htim1,"aw",%nobits
 616              		.align	2
 619              	htim1:
 620 0000 00000000 		.space	72
 620      00000000 
 620      00000000 
 620      00000000 
 620      00000000 
 621              		.text
 622              	.Letext0:
 623              		.file 2 "/usr/arm-none-eabi/include/machine/_default_types.h"
 624              		.file 3 "/usr/arm-none-eabi/include/sys/_stdint.h"
 625              		.file 4 "Drivers/CMSIS/Device/ST/STM32F1xx/Include/stm32f103xb.h"
 626              		.file 5 "Drivers/STM32F1xx_HAL_Driver/Inc/stm32f1xx_hal_def.h"
 627              		.file 6 "Drivers/STM32F1xx_HAL_Driver/Inc/stm32f1xx_hal_gpio.h"
ARM GAS  /tmp/cc7iXhfo.s 			page 16


 628              		.file 7 "Drivers/STM32F1xx_HAL_Driver/Inc/stm32f1xx_hal_dma.h"
 629              		.file 8 "Drivers/STM32F1xx_HAL_Driver/Inc/stm32f1xx_hal_tim.h"
 630              		.file 9 "Core/Inc/motor.h"
 631              		.file 10 "Drivers/STM32F1xx_HAL_Driver/Inc/stm32f1xx_hal_tim_ex.h"
 632              		.file 11 "<built-in>"
ARM GAS  /tmp/cc7iXhfo.s 			page 17


DEFINED SYMBOLS
                            *ABS*:00000000 motor.c
     /tmp/cc7iXhfo.s:19     .text.Motor_SetSpeed:00000000 $t
     /tmp/cc7iXhfo.s:25     .text.Motor_SetSpeed:00000000 Motor_SetSpeed
     /tmp/cc7iXhfo.s:224    .text.Motor_SetSpeed:00000104 $d
     /tmp/cc7iXhfo.s:619    .bss.htim1:00000000 htim1
     /tmp/cc7iXhfo.s:233    .text.Motor_Brake:00000000 $t
     /tmp/cc7iXhfo.s:239    .text.Motor_Brake:00000000 Motor_Brake
     /tmp/cc7iXhfo.s:280    .text.Motor_Brake:00000038 $d
     /tmp/cc7iXhfo.s:285    .text.Motor_Coast:00000000 $t
     /tmp/cc7iXhfo.s:291    .text.Motor_Coast:00000000 Motor_Coast
     /tmp/cc7iXhfo.s:339    .text.Motor_Coast:00000040 $d
     /tmp/cc7iXhfo.s:345    .text.Motor_Enable:00000000 $t
     /tmp/cc7iXhfo.s:351    .text.Motor_Enable:00000000 Motor_Enable
     /tmp/cc7iXhfo.s:373    .text.Motor_Enable:00000010 $d
     /tmp/cc7iXhfo.s:378    .text.Motor_Init:00000000 $t
     /tmp/cc7iXhfo.s:384    .text.Motor_Init:00000000 Motor_Init
     /tmp/cc7iXhfo.s:575    .text.Motor_Init:000000d0 $d
     /tmp/cc7iXhfo.s:583    .text.Motor_Disable:00000000 $t
     /tmp/cc7iXhfo.s:589    .text.Motor_Disable:00000000 Motor_Disable
     /tmp/cc7iXhfo.s:611    .text.Motor_Disable:00000010 $d
     /tmp/cc7iXhfo.s:616    .bss.htim1:00000000 $d

UNDEFINED SYMBOLS
HAL_GPIO_WritePin
memset
HAL_TIM_PWM_Init
HAL_TIM_PWM_ConfigChannel
HAL_TIMEx_ConfigBreakDeadTime
HAL_TIM_PWM_Start
HAL_GPIO_Init
