ARM GAS  /tmp/ccNRBmyo.s 			page 1


   1              		.cpu cortex-m3
   2              		.arch armv7-m
   3              		.fpu softvfp
   4              		.eabi_attribute 20, 1
   5              		.eabi_attribute 21, 1
   6              		.eabi_attribute 23, 3
   7              		.eabi_attribute 24, 1
   8              		.eabi_attribute 25, 1
   9              		.eabi_attribute 26, 1
  10              		.eabi_attribute 30, 1
  11              		.eabi_attribute 34, 1
  12              		.eabi_attribute 18, 4
  13              		.file	"mpu6050.c"
  14              		.text
  15              	.Ltext0:
  16              		.cfi_sections	.debug_frame
  17              		.file 1 "Core/Src/mpu6050.c"
  18              		.section	.text.MPU6050_ReadReg,"ax",%progbits
  19              		.align	1
  20              		.syntax unified
  21              		.thumb
  22              		.thumb_func
  24              	MPU6050_ReadReg:
  25              	.LVL0:
  26              	.LFB66:
   1:Core/Src/mpu6050.c **** /**
   2:Core/Src/mpu6050.c ****  * @file    mpu6050.c
   3:Core/Src/mpu6050.c ****  * @brief   MPU6050 I2C driver — gyro Z integration for heading
   4:Core/Src/mpu6050.c ****  *
   5:Core/Src/mpu6050.c ****  * KEY DESIGN DECISIONS for accurate heading:
   6:Core/Src/mpu6050.c ****  *   1. Calibrate bias at startup (average 2000 stationary samples)
   7:Core/Src/mpu6050.c ****  *   2. Use ±250°/s range for maximum sensitivity (131 LSB/°/s)
   8:Core/Src/mpu6050.c ****  *   3. DLPF at 42 Hz to filter mechanical vibration
   9:Core/Src/mpu6050.c ****  *   4. Fixed-rate integration (5ms) — NEVER use variable dt
  10:Core/Src/mpu6050.c ****  *   5. Dead zone: ignore |rate| < 0.15°/s to prevent noise drift
  11:Core/Src/mpu6050.c ****  */
  12:Core/Src/mpu6050.c **** #include "mpu6050.h"
  13:Core/Src/mpu6050.c **** #include "main.h"
  14:Core/Src/mpu6050.c **** #include <math.h>
  15:Core/Src/mpu6050.c **** 
  16:Core/Src/mpu6050.c **** /* Dead zone threshold — below this, gyro reads as zero */
  17:Core/Src/mpu6050.c **** #define GYRO_DEADZONE_DPS 0.20f
  18:Core/Src/mpu6050.c **** 
  19:Core/Src/mpu6050.c **** /* Online recalibration: exponential moving average rate */
  20:Core/Src/mpu6050.c **** #define RECAL_ALPHA                                                            \
  21:Core/Src/mpu6050.c ****   0.001f /* Very slow update — ~5 sec time constant at 200Hz */
  22:Core/Src/mpu6050.c **** 
  23:Core/Src/mpu6050.c **** /* ========================== Private helpers ============================= */
  24:Core/Src/mpu6050.c **** 
  25:Core/Src/mpu6050.c **** static HAL_StatusTypeDef MPU6050_WriteReg(MPU6050_t *mpu, uint8_t reg,
  26:Core/Src/mpu6050.c ****                                           uint8_t data) {
  27:Core/Src/mpu6050.c ****   return HAL_I2C_Mem_Write(mpu->hi2c, MPU6050_ADDR, reg, 1, &data, 1, 100);
  28:Core/Src/mpu6050.c **** }
  29:Core/Src/mpu6050.c **** 
  30:Core/Src/mpu6050.c **** static HAL_StatusTypeDef MPU6050_ReadReg(MPU6050_t *mpu, uint8_t reg,
  31:Core/Src/mpu6050.c ****                                          uint8_t *data, uint16_t len) {
  27              		.loc 1 31 71 view -0
ARM GAS  /tmp/ccNRBmyo.s 			page 2


  28              		.cfi_startproc
  29              		@ args = 0, pretend = 0, frame = 0
  30              		@ frame_needed = 0, uses_anonymous_args = 0
  31              		.loc 1 31 71 is_stmt 0 view .LVU1
  32 0000 10B5     		push	{r4, lr}
  33              	.LCFI0:
  34              		.cfi_def_cfa_offset 8
  35              		.cfi_offset 4, -8
  36              		.cfi_offset 14, -4
  37 0002 84B0     		sub	sp, sp, #16
  38              	.LCFI1:
  39              		.cfi_def_cfa_offset 24
  32:Core/Src/mpu6050.c ****   return HAL_I2C_Mem_Read(mpu->hi2c, MPU6050_ADDR, reg, 1, data, len, 100);
  40              		.loc 1 32 3 is_stmt 1 view .LVU2
  41              		.loc 1 32 10 is_stmt 0 view .LVU3
  42 0004 0068     		ldr	r0, [r0]
  43              	.LVL1:
  44              		.loc 1 32 10 view .LVU4
  45 0006 6424     		movs	r4, #100
  46 0008 0294     		str	r4, [sp, #8]
  47 000a 0193     		str	r3, [sp, #4]
  48 000c 0092     		str	r2, [sp]
  49 000e 0123     		movs	r3, #1
  50              	.LVL2:
  51              		.loc 1 32 10 view .LVU5
  52 0010 0A46     		mov	r2, r1
  53              	.LVL3:
  54              		.loc 1 32 10 view .LVU6
  55 0012 D021     		movs	r1, #208
  56              	.LVL4:
  57              		.loc 1 32 10 view .LVU7
  58 0014 FFF7FEFF 		bl	HAL_I2C_Mem_Read
  59              	.LVL5:
  33:Core/Src/mpu6050.c **** }
  60              		.loc 1 33 1 view .LVU8
  61 0018 04B0     		add	sp, sp, #16
  62              	.LCFI2:
  63              		.cfi_def_cfa_offset 8
  64              		@ sp needed
  65 001a 10BD     		pop	{r4, pc}
  66              		.cfi_endproc
  67              	.LFE66:
  69              		.section	.text.MPU6050_ReadGyroZ_Raw,"ax",%progbits
  70              		.align	1
  71              		.syntax unified
  72              		.thumb
  73              		.thumb_func
  75              	MPU6050_ReadGyroZ_Raw:
  76              	.LVL6:
  77              	.LFB67:
  34:Core/Src/mpu6050.c **** 
  35:Core/Src/mpu6050.c **** static int16_t MPU6050_ReadGyroZ_Raw(MPU6050_t *mpu) {
  78              		.loc 1 35 54 is_stmt 1 view -0
  79              		.cfi_startproc
  80              		@ args = 0, pretend = 0, frame = 8
  81              		@ frame_needed = 0, uses_anonymous_args = 0
  82              		.loc 1 35 54 is_stmt 0 view .LVU10
ARM GAS  /tmp/ccNRBmyo.s 			page 3


  83 0000 00B5     		push	{lr}
  84              	.LCFI3:
  85              		.cfi_def_cfa_offset 4
  86              		.cfi_offset 14, -4
  87 0002 83B0     		sub	sp, sp, #12
  88              	.LCFI4:
  89              		.cfi_def_cfa_offset 16
  36:Core/Src/mpu6050.c ****   uint8_t buf[2];
  90              		.loc 1 36 3 is_stmt 1 view .LVU11
  37:Core/Src/mpu6050.c ****   MPU6050_ReadReg(mpu, MPU6050_REG_GYRO_ZOUT_H, buf, 2);
  91              		.loc 1 37 3 view .LVU12
  92 0004 0223     		movs	r3, #2
  93 0006 01AA     		add	r2, sp, #4
  94 0008 4721     		movs	r1, #71
  95 000a FFF7FEFF 		bl	MPU6050_ReadReg
  96              	.LVL7:
  38:Core/Src/mpu6050.c ****   return (int16_t)((buf[0] << 8) | buf[1]);
  97              		.loc 1 38 3 view .LVU13
  98              		.loc 1 38 24 is_stmt 0 view .LVU14
  99 000e 9DF80430 		ldrb	r3, [sp, #4]	@ zero_extendqisi2
 100              		.loc 1 38 39 view .LVU15
 101 0012 9DF80500 		ldrb	r0, [sp, #5]	@ zero_extendqisi2
 102              		.loc 1 38 10 view .LVU16
 103 0016 40EA0320 		orr	r0, r0, r3, lsl #8
  39:Core/Src/mpu6050.c **** }
 104              		.loc 1 39 1 view .LVU17
 105 001a 00B2     		sxth	r0, r0
 106 001c 03B0     		add	sp, sp, #12
 107              	.LCFI5:
 108              		.cfi_def_cfa_offset 4
 109              		@ sp needed
 110 001e 5DF804FB 		ldr	pc, [sp], #4
 111              		.cfi_endproc
 112              	.LFE67:
 114              		.section	.text.MPU6050_WriteReg,"ax",%progbits
 115              		.align	1
 116              		.syntax unified
 117              		.thumb
 118              		.thumb_func
 120              	MPU6050_WriteReg:
 121              	.LVL8:
 122              	.LFB65:
  26:Core/Src/mpu6050.c ****   return HAL_I2C_Mem_Write(mpu->hi2c, MPU6050_ADDR, reg, 1, &data, 1, 100);
 123              		.loc 1 26 57 is_stmt 1 view -0
 124              		.cfi_startproc
 125              		@ args = 0, pretend = 0, frame = 8
 126              		@ frame_needed = 0, uses_anonymous_args = 0
  26:Core/Src/mpu6050.c ****   return HAL_I2C_Mem_Write(mpu->hi2c, MPU6050_ADDR, reg, 1, &data, 1, 100);
 127              		.loc 1 26 57 is_stmt 0 view .LVU19
 128 0000 00B5     		push	{lr}
 129              	.LCFI6:
 130              		.cfi_def_cfa_offset 4
 131              		.cfi_offset 14, -4
 132 0002 87B0     		sub	sp, sp, #28
 133              	.LCFI7:
 134              		.cfi_def_cfa_offset 32
 135 0004 8DF81720 		strb	r2, [sp, #23]
ARM GAS  /tmp/ccNRBmyo.s 			page 4


  27:Core/Src/mpu6050.c **** }
 136              		.loc 1 27 3 is_stmt 1 view .LVU20
  27:Core/Src/mpu6050.c **** }
 137              		.loc 1 27 10 is_stmt 0 view .LVU21
 138 0008 0068     		ldr	r0, [r0]
 139              	.LVL9:
  27:Core/Src/mpu6050.c **** }
 140              		.loc 1 27 10 view .LVU22
 141 000a 6423     		movs	r3, #100
 142 000c 0293     		str	r3, [sp, #8]
 143 000e 0123     		movs	r3, #1
 144 0010 0193     		str	r3, [sp, #4]
 145 0012 0DF11702 		add	r2, sp, #23
 146              	.LVL10:
  27:Core/Src/mpu6050.c **** }
 147              		.loc 1 27 10 view .LVU23
 148 0016 0092     		str	r2, [sp]
 149 0018 0A46     		mov	r2, r1
 150              	.LVL11:
  27:Core/Src/mpu6050.c **** }
 151              		.loc 1 27 10 view .LVU24
 152 001a D021     		movs	r1, #208
 153              	.LVL12:
  27:Core/Src/mpu6050.c **** }
 154              		.loc 1 27 10 view .LVU25
 155 001c FFF7FEFF 		bl	HAL_I2C_Mem_Write
 156              	.LVL13:
  28:Core/Src/mpu6050.c **** 
 157              		.loc 1 28 1 view .LVU26
 158 0020 07B0     		add	sp, sp, #28
 159              	.LCFI8:
 160              		.cfi_def_cfa_offset 4
 161              		@ sp needed
 162 0022 5DF804FB 		ldr	pc, [sp], #4
 163              		.cfi_endproc
 164              	.LFE65:
 166              		.section	.text.MPU6050_Init,"ax",%progbits
 167              		.align	1
 168              		.global	MPU6050_Init
 169              		.syntax unified
 170              		.thumb
 171              		.thumb_func
 173              	MPU6050_Init:
 174              	.LVL14:
 175              	.LFB68:
  40:Core/Src/mpu6050.c **** 
  41:Core/Src/mpu6050.c **** /* ========================== Public API ================================== */
  42:Core/Src/mpu6050.c **** 
  43:Core/Src/mpu6050.c **** HAL_StatusTypeDef MPU6050_Init(MPU6050_t *mpu, I2C_HandleTypeDef *hi2c) {
 176              		.loc 1 43 73 is_stmt 1 view -0
 177              		.cfi_startproc
 178              		@ args = 0, pretend = 0, frame = 8
 179              		@ frame_needed = 0, uses_anonymous_args = 0
 180              		.loc 1 43 73 is_stmt 0 view .LVU28
 181 0000 30B5     		push	{r4, r5, lr}
 182              	.LCFI9:
 183              		.cfi_def_cfa_offset 12
ARM GAS  /tmp/ccNRBmyo.s 			page 5


 184              		.cfi_offset 4, -12
 185              		.cfi_offset 5, -8
 186              		.cfi_offset 14, -4
 187 0002 83B0     		sub	sp, sp, #12
 188              	.LCFI10:
 189              		.cfi_def_cfa_offset 24
 190 0004 0446     		mov	r4, r0
  44:Core/Src/mpu6050.c ****   HAL_StatusTypeDef status;
 191              		.loc 1 44 3 is_stmt 1 view .LVU29
  45:Core/Src/mpu6050.c ****   uint8_t who_am_i = 0;
 192              		.loc 1 45 3 view .LVU30
 193              		.loc 1 45 11 is_stmt 0 view .LVU31
 194 0006 0023     		movs	r3, #0
 195 0008 8DF80730 		strb	r3, [sp, #7]
  46:Core/Src/mpu6050.c **** 
  47:Core/Src/mpu6050.c ****   mpu->hi2c = hi2c;
 196              		.loc 1 47 3 is_stmt 1 view .LVU32
 197              		.loc 1 47 13 is_stmt 0 view .LVU33
 198 000c 0160     		str	r1, [r0]
  48:Core/Src/mpu6050.c ****   mpu->gyro_z_bias = 0.0f;
 199              		.loc 1 48 3 is_stmt 1 view .LVU34
 200              		.loc 1 48 20 is_stmt 0 view .LVU35
 201 000e 0022     		movs	r2, #0
 202 0010 4260     		str	r2, [r0, #4]	@ float
  49:Core/Src/mpu6050.c ****   mpu->heading_deg = 0.0f;
 203              		.loc 1 49 3 is_stmt 1 view .LVU36
 204              		.loc 1 49 20 is_stmt 0 view .LVU37
 205 0012 8260     		str	r2, [r0, #8]	@ float
  50:Core/Src/mpu6050.c ****   mpu->gyro_rate_dps = 0.0f;
 206              		.loc 1 50 3 is_stmt 1 view .LVU38
 207              		.loc 1 50 22 is_stmt 0 view .LVU39
 208 0014 C260     		str	r2, [r0, #12]	@ float
  51:Core/Src/mpu6050.c ****   mpu->raw_gz = 0;
 209              		.loc 1 51 3 is_stmt 1 view .LVU40
 210              		.loc 1 51 15 is_stmt 0 view .LVU41
 211 0016 0382     		strh	r3, [r0, #16]	@ movhi
  52:Core/Src/mpu6050.c ****   mpu->is_calibrated = 0;
 212              		.loc 1 52 3 is_stmt 1 view .LVU42
 213              		.loc 1 52 22 is_stmt 0 view .LVU43
 214 0018 8374     		strb	r3, [r0, #18]
  53:Core/Src/mpu6050.c **** 
  54:Core/Src/mpu6050.c ****   /* Check WHO_AM_I (should be 0x68) */
  55:Core/Src/mpu6050.c ****   status = MPU6050_ReadReg(mpu, MPU6050_REG_WHO_AM_I, &who_am_i, 1);
 215              		.loc 1 55 3 is_stmt 1 view .LVU44
 216              		.loc 1 55 12 is_stmt 0 view .LVU45
 217 001a 0123     		movs	r3, #1
 218 001c 0DF10702 		add	r2, sp, #7
 219 0020 7521     		movs	r1, #117
 220              	.LVL15:
 221              		.loc 1 55 12 view .LVU46
 222 0022 FFF7FEFF 		bl	MPU6050_ReadReg
 223              	.LVL16:
  56:Core/Src/mpu6050.c ****   if (status != HAL_OK || who_am_i != 0x68) {
 224              		.loc 1 56 3 is_stmt 1 view .LVU47
 225              		.loc 1 56 6 is_stmt 0 view .LVU48
 226 0026 68BB     		cbnz	r0, .L9
 227 0028 0546     		mov	r5, r0
ARM GAS  /tmp/ccNRBmyo.s 			page 6


 228              		.loc 1 56 36 discriminator 1 view .LVU49
 229 002a 9DF80730 		ldrb	r3, [sp, #7]	@ zero_extendqisi2
 230              		.loc 1 56 24 discriminator 1 view .LVU50
 231 002e 682B     		cmp	r3, #104
 232 0030 03D0     		beq	.L12
  57:Core/Src/mpu6050.c ****     return HAL_ERROR;
 233              		.loc 1 57 12 view .LVU51
 234 0032 0125     		movs	r5, #1
 235              	.LVL17:
 236              	.L8:
  58:Core/Src/mpu6050.c ****   }
  59:Core/Src/mpu6050.c **** 
  60:Core/Src/mpu6050.c ****   /* Wake up — clear sleep bit, use PLL with Gyro Z ref */
  61:Core/Src/mpu6050.c ****   MPU6050_WriteReg(mpu, MPU6050_REG_PWR_MGMT_1, 0x03);
  62:Core/Src/mpu6050.c ****   HAL_Delay(50);
  63:Core/Src/mpu6050.c **** 
  64:Core/Src/mpu6050.c ****   /* Sample rate = 1 kHz / (1+0) = 1 kHz */
  65:Core/Src/mpu6050.c ****   MPU6050_WriteReg(mpu, MPU6050_REG_SMPLRT_DIV, 0x00);
  66:Core/Src/mpu6050.c **** 
  67:Core/Src/mpu6050.c ****   /* DLPF = 42 Hz (register value 3) — filters motor vibration */
  68:Core/Src/mpu6050.c ****   MPU6050_WriteReg(mpu, MPU6050_REG_CONFIG, 0x03);
  69:Core/Src/mpu6050.c **** 
  70:Core/Src/mpu6050.c ****   /* Gyro range = ±250°/s (max sensitivity: 131 LSB/°/s) */
  71:Core/Src/mpu6050.c ****   MPU6050_WriteReg(mpu, MPU6050_REG_GYRO_CONFIG, 0x00);
  72:Core/Src/mpu6050.c **** 
  73:Core/Src/mpu6050.c ****   /* Accel range = ±2g (not critical but set for completeness) */
  74:Core/Src/mpu6050.c ****   MPU6050_WriteReg(mpu, MPU6050_REG_ACCEL_CONFIG, 0x00);
  75:Core/Src/mpu6050.c **** 
  76:Core/Src/mpu6050.c ****   /* Disable interrupts — we poll */
  77:Core/Src/mpu6050.c ****   MPU6050_WriteReg(mpu, MPU6050_REG_INT_ENABLE, 0x00);
  78:Core/Src/mpu6050.c **** 
  79:Core/Src/mpu6050.c ****   HAL_Delay(100); /* Let DLPF settle */
  80:Core/Src/mpu6050.c **** 
  81:Core/Src/mpu6050.c ****   return HAL_OK;
  82:Core/Src/mpu6050.c **** }
 237              		.loc 1 82 1 view .LVU52
 238 0034 2846     		mov	r0, r5
 239 0036 03B0     		add	sp, sp, #12
 240              	.LCFI11:
 241              		.cfi_remember_state
 242              		.cfi_def_cfa_offset 12
 243              		@ sp needed
 244 0038 30BD     		pop	{r4, r5, pc}
 245              	.LVL18:
 246              	.L12:
 247              	.LCFI12:
 248              		.cfi_restore_state
  61:Core/Src/mpu6050.c ****   HAL_Delay(50);
 249              		.loc 1 61 3 is_stmt 1 view .LVU53
 250 003a 0322     		movs	r2, #3
 251 003c 6B21     		movs	r1, #107
 252 003e 2046     		mov	r0, r4
 253              	.LVL19:
  61:Core/Src/mpu6050.c ****   HAL_Delay(50);
 254              		.loc 1 61 3 is_stmt 0 view .LVU54
 255 0040 FFF7FEFF 		bl	MPU6050_WriteReg
 256              	.LVL20:
ARM GAS  /tmp/ccNRBmyo.s 			page 7


  62:Core/Src/mpu6050.c **** 
 257              		.loc 1 62 3 is_stmt 1 view .LVU55
 258 0044 3220     		movs	r0, #50
 259 0046 FFF7FEFF 		bl	HAL_Delay
 260              	.LVL21:
  65:Core/Src/mpu6050.c **** 
 261              		.loc 1 65 3 view .LVU56
 262 004a 0022     		movs	r2, #0
 263 004c 1921     		movs	r1, #25
 264 004e 2046     		mov	r0, r4
 265 0050 FFF7FEFF 		bl	MPU6050_WriteReg
 266              	.LVL22:
  68:Core/Src/mpu6050.c **** 
 267              		.loc 1 68 3 view .LVU57
 268 0054 0322     		movs	r2, #3
 269 0056 1A21     		movs	r1, #26
 270 0058 2046     		mov	r0, r4
 271 005a FFF7FEFF 		bl	MPU6050_WriteReg
 272              	.LVL23:
  71:Core/Src/mpu6050.c **** 
 273              		.loc 1 71 3 view .LVU58
 274 005e 0022     		movs	r2, #0
 275 0060 1B21     		movs	r1, #27
 276 0062 2046     		mov	r0, r4
 277 0064 FFF7FEFF 		bl	MPU6050_WriteReg
 278              	.LVL24:
  74:Core/Src/mpu6050.c **** 
 279              		.loc 1 74 3 view .LVU59
 280 0068 0022     		movs	r2, #0
 281 006a 1C21     		movs	r1, #28
 282 006c 2046     		mov	r0, r4
 283 006e FFF7FEFF 		bl	MPU6050_WriteReg
 284              	.LVL25:
  77:Core/Src/mpu6050.c **** 
 285              		.loc 1 77 3 view .LVU60
 286 0072 0022     		movs	r2, #0
 287 0074 3821     		movs	r1, #56
 288 0076 2046     		mov	r0, r4
 289 0078 FFF7FEFF 		bl	MPU6050_WriteReg
 290              	.LVL26:
  79:Core/Src/mpu6050.c **** 
 291              		.loc 1 79 3 view .LVU61
 292 007c 6420     		movs	r0, #100
 293 007e FFF7FEFF 		bl	HAL_Delay
 294              	.LVL27:
  81:Core/Src/mpu6050.c **** }
 295              		.loc 1 81 3 view .LVU62
  81:Core/Src/mpu6050.c **** }
 296              		.loc 1 81 10 is_stmt 0 view .LVU63
 297 0082 D7E7     		b	.L8
 298              	.LVL28:
 299              	.L9:
  57:Core/Src/mpu6050.c ****   }
 300              		.loc 1 57 12 view .LVU64
 301 0084 0125     		movs	r5, #1
 302 0086 D5E7     		b	.L8
 303              		.cfi_endproc
ARM GAS  /tmp/ccNRBmyo.s 			page 8


 304              	.LFE68:
 306              		.section	.text.MPU6050_CalibrateGyro,"ax",%progbits
 307              		.align	1
 308              		.global	MPU6050_CalibrateGyro
 309              		.syntax unified
 310              		.thumb
 311              		.thumb_func
 313              	MPU6050_CalibrateGyro:
 314              	.LVL29:
 315              	.LFB69:
  83:Core/Src/mpu6050.c **** 
  84:Core/Src/mpu6050.c **** void MPU6050_CalibrateGyro(MPU6050_t *mpu) {
 316              		.loc 1 84 44 is_stmt 1 view -0
 317              		.cfi_startproc
 318              		@ args = 0, pretend = 0, frame = 0
 319              		@ frame_needed = 0, uses_anonymous_args = 0
 320              		.loc 1 84 44 is_stmt 0 view .LVU66
 321 0000 70B5     		push	{r4, r5, r6, lr}
 322              	.LCFI13:
 323              		.cfi_def_cfa_offset 16
 324              		.cfi_offset 4, -16
 325              		.cfi_offset 5, -12
 326              		.cfi_offset 6, -8
 327              		.cfi_offset 14, -4
 328 0002 0646     		mov	r6, r0
  85:Core/Src/mpu6050.c ****   /**
  86:Core/Src/mpu6050.c ****    * CRITICAL: Robot must be STATIONARY during calibration!
  87:Core/Src/mpu6050.c ****    * Read 2000 samples → compute average bias for Gz.
  88:Core/Src/mpu6050.c ****    * With 1 kHz sample rate, this takes ~2 seconds.
  89:Core/Src/mpu6050.c ****    */
  90:Core/Src/mpu6050.c ****   const int NUM_SAMPLES = 5000;
 329              		.loc 1 90 3 is_stmt 1 view .LVU67
 330              	.LVL30:
  91:Core/Src/mpu6050.c ****   float sum = 0.0f;
 331              		.loc 1 91 3 view .LVU68
  92:Core/Src/mpu6050.c ****   float sum_sq = 0.0f;
 332              		.loc 1 92 3 view .LVU69
  93:Core/Src/mpu6050.c **** 
  94:Core/Src/mpu6050.c ****   /* Discard first 100 samples (settling transients) */
  95:Core/Src/mpu6050.c ****   for (int i = 0; i < 100; i++) {
 333              		.loc 1 95 3 view .LVU70
 334              	.LBB2:
 335              		.loc 1 95 8 view .LVU71
 336              		.loc 1 95 12 is_stmt 0 view .LVU72
 337 0004 0024     		movs	r4, #0
 338              		.loc 1 95 3 view .LVU73
 339 0006 06E0     		b	.L14
 340              	.LVL31:
 341              	.L15:
  96:Core/Src/mpu6050.c ****     MPU6050_ReadGyroZ_Raw(mpu);
 342              		.loc 1 96 5 is_stmt 1 view .LVU74
 343 0008 3046     		mov	r0, r6
 344 000a FFF7FEFF 		bl	MPU6050_ReadGyroZ_Raw
 345              	.LVL32:
  97:Core/Src/mpu6050.c ****     HAL_Delay(1);
 346              		.loc 1 97 5 view .LVU75
 347 000e 0120     		movs	r0, #1
ARM GAS  /tmp/ccNRBmyo.s 			page 9


 348 0010 FFF7FEFF 		bl	HAL_Delay
 349              	.LVL33:
  95:Core/Src/mpu6050.c ****     MPU6050_ReadGyroZ_Raw(mpu);
 350              		.loc 1 95 29 discriminator 3 view .LVU76
 351 0014 0134     		adds	r4, r4, #1
 352              	.LVL34:
 353              	.L14:
  95:Core/Src/mpu6050.c ****     MPU6050_ReadGyroZ_Raw(mpu);
 354              		.loc 1 95 21 discriminator 1 view .LVU77
 355 0016 632C     		cmp	r4, #99
 356 0018 F6DD     		ble	.L15
 357              	.LBE2:
 358              	.LBB3:
  98:Core/Src/mpu6050.c ****   }
  99:Core/Src/mpu6050.c **** 
 100:Core/Src/mpu6050.c ****   /* Collect calibration samples */
 101:Core/Src/mpu6050.c ****   for (int i = 0; i < NUM_SAMPLES; i++) {
 359              		.loc 1 101 12 is_stmt 0 view .LVU78
 360 001a 0025     		movs	r5, #0
 361              	.LBE3:
  91:Core/Src/mpu6050.c ****   float sum_sq = 0.0f;
 362              		.loc 1 91 9 view .LVU79
 363 001c 0024     		movs	r4, #0
 364              	.LVL35:
  91:Core/Src/mpu6050.c ****   float sum_sq = 0.0f;
 365              		.loc 1 91 9 view .LVU80
 366 001e 0DE0     		b	.L16
 367              	.LVL36:
 368              	.L17:
 369              	.LBB5:
 370              	.LBB4:
 102:Core/Src/mpu6050.c ****     int16_t raw = MPU6050_ReadGyroZ_Raw(mpu);
 371              		.loc 1 102 5 is_stmt 1 view .LVU81
 372              		.loc 1 102 19 is_stmt 0 view .LVU82
 373 0020 3046     		mov	r0, r6
 374 0022 FFF7FEFF 		bl	MPU6050_ReadGyroZ_Raw
 375              	.LVL37:
 103:Core/Src/mpu6050.c ****     float val = (float)raw;
 376              		.loc 1 103 5 is_stmt 1 view .LVU83
 377              		.loc 1 103 11 is_stmt 0 view .LVU84
 378 0026 FFF7FEFF 		bl	__aeabi_i2f
 379              	.LVL38:
 380              		.loc 1 103 11 view .LVU85
 381 002a 0146     		mov	r1, r0
 382              	.LVL39:
 104:Core/Src/mpu6050.c ****     sum += val;
 383              		.loc 1 104 5 is_stmt 1 view .LVU86
 384              		.loc 1 104 9 is_stmt 0 view .LVU87
 385 002c 2046     		mov	r0, r4
 386              	.LVL40:
 387              		.loc 1 104 9 view .LVU88
 388 002e FFF7FEFF 		bl	__aeabi_fadd
 389              	.LVL41:
 390              		.loc 1 104 9 view .LVU89
 391 0032 0446     		mov	r4, r0
 392              	.LVL42:
 105:Core/Src/mpu6050.c ****     sum_sq += val * val;
ARM GAS  /tmp/ccNRBmyo.s 			page 10


 393              		.loc 1 105 5 is_stmt 1 view .LVU90
 106:Core/Src/mpu6050.c ****     HAL_Delay(1);
 394              		.loc 1 106 5 view .LVU91
 395 0034 0120     		movs	r0, #1
 396              	.LVL43:
 397              		.loc 1 106 5 is_stmt 0 view .LVU92
 398 0036 FFF7FEFF 		bl	HAL_Delay
 399              	.LVL44:
 400              	.LBE4:
 101:Core/Src/mpu6050.c ****     int16_t raw = MPU6050_ReadGyroZ_Raw(mpu);
 401              		.loc 1 101 37 is_stmt 1 discriminator 3 view .LVU93
 402 003a 0135     		adds	r5, r5, #1
 403              	.LVL45:
 404              	.L16:
 101:Core/Src/mpu6050.c ****     int16_t raw = MPU6050_ReadGyroZ_Raw(mpu);
 405              		.loc 1 101 21 discriminator 1 view .LVU94
 406 003c 41F28733 		movw	r3, #4999
 407 0040 9D42     		cmp	r5, r3
 408 0042 EDDD     		ble	.L17
 409              	.LBE5:
 107:Core/Src/mpu6050.c ****   }
 108:Core/Src/mpu6050.c **** 
 109:Core/Src/mpu6050.c ****   mpu->gyro_z_bias = sum / (float)NUM_SAMPLES;
 410              		.loc 1 109 3 view .LVU95
 411              		.loc 1 109 26 is_stmt 0 view .LVU96
 412 0044 0449     		ldr	r1, .L19
 413 0046 2046     		mov	r0, r4
 414 0048 FFF7FEFF 		bl	__aeabi_fdiv
 415              	.LVL46:
 416              		.loc 1 109 20 view .LVU97
 417 004c 7060     		str	r0, [r6, #4]	@ float
 110:Core/Src/mpu6050.c **** 
 111:Core/Src/mpu6050.c ****   /* Compute std dev for diagnostics (could send via UART) */
 112:Core/Src/mpu6050.c ****   /* float variance = (sum_sq / NUM_SAMPLES) - (mpu->gyro_z_bias *
 113:Core/Src/mpu6050.c ****    * mpu->gyro_z_bias); */
 114:Core/Src/mpu6050.c ****   /* float std_dev  = sqrtf(variance); */
 115:Core/Src/mpu6050.c **** 
 116:Core/Src/mpu6050.c ****   mpu->heading_deg = 0.0f;
 418              		.loc 1 116 3 is_stmt 1 view .LVU98
 419              		.loc 1 116 20 is_stmt 0 view .LVU99
 420 004e 0023     		movs	r3, #0
 421 0050 B360     		str	r3, [r6, #8]	@ float
 117:Core/Src/mpu6050.c ****   mpu->is_calibrated = 1;
 422              		.loc 1 117 3 is_stmt 1 view .LVU100
 423              		.loc 1 117 22 is_stmt 0 view .LVU101
 424 0052 0123     		movs	r3, #1
 425 0054 B374     		strb	r3, [r6, #18]
 118:Core/Src/mpu6050.c **** }
 426              		.loc 1 118 1 view .LVU102
 427 0056 70BD     		pop	{r4, r5, r6, pc}
 428              	.LVL47:
 429              	.L20:
 430              		.loc 1 118 1 view .LVU103
 431              		.align	2
 432              	.L19:
 433 0058 00409C45 		.word	1167867904
 434              		.cfi_endproc
ARM GAS  /tmp/ccNRBmyo.s 			page 11


 435              	.LFE69:
 437              		.section	.text.MPU6050_Update,"ax",%progbits
 438              		.align	1
 439              		.global	MPU6050_Update
 440              		.syntax unified
 441              		.thumb
 442              		.thumb_func
 444              	MPU6050_Update:
 445              	.LVL48:
 446              	.LFB70:
 119:Core/Src/mpu6050.c **** 
 120:Core/Src/mpu6050.c **** void MPU6050_Update(MPU6050_t *mpu, float dt) {
 447              		.loc 1 120 47 is_stmt 1 view -0
 448              		.cfi_startproc
 449              		@ args = 0, pretend = 0, frame = 0
 450              		@ frame_needed = 0, uses_anonymous_args = 0
 121:Core/Src/mpu6050.c ****   if (!mpu->is_calibrated)
 451              		.loc 1 121 3 view .LVU105
 452              		.loc 1 121 11 is_stmt 0 view .LVU106
 453 0000 837C     		ldrb	r3, [r0, #18]	@ zero_extendqisi2
 454              		.loc 1 121 6 view .LVU107
 455 0002 03B9     		cbnz	r3, .L34
 456 0004 7047     		bx	lr
 457              	.L34:
 120:Core/Src/mpu6050.c ****   if (!mpu->is_calibrated)
 458              		.loc 1 120 47 view .LVU108
 459 0006 70B5     		push	{r4, r5, r6, lr}
 460              	.LCFI14:
 461              		.cfi_def_cfa_offset 16
 462              		.cfi_offset 4, -16
 463              		.cfi_offset 5, -12
 464              		.cfi_offset 6, -8
 465              		.cfi_offset 14, -4
 466 0008 0446     		mov	r4, r0
 467 000a 0D46     		mov	r5, r1
 122:Core/Src/mpu6050.c ****     return;
 123:Core/Src/mpu6050.c **** 
 124:Core/Src/mpu6050.c ****   /* Read raw gyro Z */
 125:Core/Src/mpu6050.c ****   mpu->raw_gz = MPU6050_ReadGyroZ_Raw(mpu);
 468              		.loc 1 125 3 is_stmt 1 view .LVU109
 469              		.loc 1 125 17 is_stmt 0 view .LVU110
 470 000c FFF7FEFF 		bl	MPU6050_ReadGyroZ_Raw
 471              	.LVL49:
 472              		.loc 1 125 15 discriminator 1 view .LVU111
 473 0010 2082     		strh	r0, [r4, #16]	@ movhi
 126:Core/Src/mpu6050.c **** 
 127:Core/Src/mpu6050.c ****   /* Convert to °/s with bias correction */
 128:Core/Src/mpu6050.c ****   float raw_corrected = (float)mpu->raw_gz - mpu->gyro_z_bias;
 474              		.loc 1 128 3 is_stmt 1 view .LVU112
 475              		.loc 1 128 25 is_stmt 0 view .LVU113
 476 0012 FFF7FEFF 		bl	__aeabi_i2f
 477              	.LVL50:
 478              		.loc 1 128 9 view .LVU114
 479 0016 6168     		ldr	r1, [r4, #4]	@ float
 480 0018 FFF7FEFF 		bl	__aeabi_fsub
 481              	.LVL51:
 129:Core/Src/mpu6050.c ****   mpu->gyro_rate_dps = raw_corrected / MPU6050_GYRO_SENSITIVITY;
ARM GAS  /tmp/ccNRBmyo.s 			page 12


 482              		.loc 1 129 3 is_stmt 1 view .LVU115
 483              		.loc 1 129 38 is_stmt 0 view .LVU116
 484 001c 1849     		ldr	r1, .L35
 485 001e FFF7FEFF 		bl	__aeabi_fdiv
 486              	.LVL52:
 487              		.loc 1 129 22 view .LVU117
 488 0022 E060     		str	r0, [r4, #12]	@ float
 130:Core/Src/mpu6050.c **** 
 131:Core/Src/mpu6050.c ****   /* Dead zone — suppress tiny noise that causes drift */
 132:Core/Src/mpu6050.c ****   if (fabsf(mpu->gyro_rate_dps) < GYRO_DEADZONE_DPS) {
 489              		.loc 1 132 3 is_stmt 1 view .LVU118
 490              		.loc 1 132 7 is_stmt 0 view .LVU119
 491 0024 20F00040 		bic	r0, r0, #-2147483648
 492              		.loc 1 132 6 view .LVU120
 493 0028 1649     		ldr	r1, .L35+4
 494 002a FFF7FEFF 		bl	__aeabi_fcmplt
 495              	.LVL53:
 496 002e 08B1     		cbz	r0, .L23
 133:Core/Src/mpu6050.c ****     mpu->gyro_rate_dps = 0.0f;
 497              		.loc 1 133 5 is_stmt 1 view .LVU121
 498              		.loc 1 133 24 is_stmt 0 view .LVU122
 499 0030 0023     		movs	r3, #0
 500 0032 E360     		str	r3, [r4, #12]	@ float
 501              	.L23:
 134:Core/Src/mpu6050.c ****   }
 135:Core/Src/mpu6050.c **** 
 136:Core/Src/mpu6050.c ****   /* Integrate heading (trapezoidal could improve accuracy but
 137:Core/Src/mpu6050.c ****      rectangular is fine at 200 Hz with DLPF enabled) */
 138:Core/Src/mpu6050.c ****   mpu->heading_deg += mpu->gyro_rate_dps * dt;
 502              		.loc 1 138 3 is_stmt 1 view .LVU123
 503              		.loc 1 138 6 is_stmt 0 view .LVU124
 504 0034 A668     		ldr	r6, [r4, #8]	@ float
 505              		.loc 1 138 42 view .LVU125
 506 0036 2946     		mov	r1, r5
 507 0038 E068     		ldr	r0, [r4, #12]	@ float
 508 003a FFF7FEFF 		bl	__aeabi_fmul
 509              	.LVL54:
 510 003e 0146     		mov	r1, r0
 511              		.loc 1 138 20 view .LVU126
 512 0040 3046     		mov	r0, r6
 513 0042 FFF7FEFF 		bl	__aeabi_fadd
 514              	.LVL55:
 515 0046 A060     		str	r0, [r4, #8]	@ float
 139:Core/Src/mpu6050.c **** 
 140:Core/Src/mpu6050.c ****   /* Normalize to [-180, +180] */
 141:Core/Src/mpu6050.c ****   while (mpu->heading_deg > 180.0f)
 516              		.loc 1 141 3 is_stmt 1 view .LVU127
 517              		.loc 1 141 9 is_stmt 0 view .LVU128
 518 0048 04E0     		b	.L25
 519              	.LVL56:
 520              	.L26:
 142:Core/Src/mpu6050.c ****     mpu->heading_deg -= 360.0f;
 521              		.loc 1 142 5 is_stmt 1 view .LVU129
 522              		.loc 1 142 22 is_stmt 0 view .LVU130
 523 004a 0F49     		ldr	r1, .L35+8
 524 004c 2846     		mov	r0, r5
 525 004e FFF7FEFF 		bl	__aeabi_fsub
ARM GAS  /tmp/ccNRBmyo.s 			page 13


 526              	.LVL57:
 527 0052 A060     		str	r0, [r4, #8]	@ float
 528              	.L25:
 141:Core/Src/mpu6050.c ****     mpu->heading_deg -= 360.0f;
 529              		.loc 1 141 27 is_stmt 1 view .LVU131
 141:Core/Src/mpu6050.c ****     mpu->heading_deg -= 360.0f;
 530              		.loc 1 141 13 is_stmt 0 view .LVU132
 531 0054 A568     		ldr	r5, [r4, #8]	@ float
 141:Core/Src/mpu6050.c ****     mpu->heading_deg -= 360.0f;
 532              		.loc 1 141 27 view .LVU133
 533 0056 0D49     		ldr	r1, .L35+12
 534 0058 2846     		mov	r0, r5
 535 005a FFF7FEFF 		bl	__aeabi_fcmpgt
 536              	.LVL58:
 537 005e 0028     		cmp	r0, #0
 538 0060 F3D1     		bne	.L26
 539 0062 04E0     		b	.L27
 540              	.L28:
 143:Core/Src/mpu6050.c ****   while (mpu->heading_deg < -180.0f)
 144:Core/Src/mpu6050.c ****     mpu->heading_deg += 360.0f;
 541              		.loc 1 144 5 is_stmt 1 view .LVU134
 542              		.loc 1 144 22 is_stmt 0 view .LVU135
 543 0064 0849     		ldr	r1, .L35+8
 544 0066 2846     		mov	r0, r5
 545 0068 FFF7FEFF 		bl	__aeabi_fadd
 546              	.LVL59:
 547 006c A060     		str	r0, [r4, #8]	@ float
 548              	.L27:
 143:Core/Src/mpu6050.c ****   while (mpu->heading_deg < -180.0f)
 549              		.loc 1 143 27 is_stmt 1 view .LVU136
 143:Core/Src/mpu6050.c ****   while (mpu->heading_deg < -180.0f)
 550              		.loc 1 143 13 is_stmt 0 view .LVU137
 551 006e A568     		ldr	r5, [r4, #8]	@ float
 143:Core/Src/mpu6050.c ****   while (mpu->heading_deg < -180.0f)
 552              		.loc 1 143 27 view .LVU138
 553 0070 0749     		ldr	r1, .L35+16
 554 0072 2846     		mov	r0, r5
 555 0074 FFF7FEFF 		bl	__aeabi_fcmplt
 556              	.LVL60:
 557 0078 0028     		cmp	r0, #0
 558 007a F3D1     		bne	.L28
 145:Core/Src/mpu6050.c **** }
 559              		.loc 1 145 1 view .LVU139
 560 007c 70BD     		pop	{r4, r5, r6, pc}
 561              	.LVL61:
 562              	.L36:
 563              		.loc 1 145 1 view .LVU140
 564 007e 00BF     		.align	2
 565              	.L35:
 566 0080 00000343 		.word	1124270080
 567 0084 CDCC4C3E 		.word	1045220557
 568 0088 0000B443 		.word	1135869952
 569 008c 00003443 		.word	1127481344
 570 0090 000034C3 		.word	-1020002304
 571              		.cfi_endproc
 572              	.LFE70:
 574              		.section	.text.MPU6050_RecalibrateBias,"ax",%progbits
ARM GAS  /tmp/ccNRBmyo.s 			page 14


 575              		.align	1
 576              		.global	MPU6050_RecalibrateBias
 577              		.syntax unified
 578              		.thumb
 579              		.thumb_func
 581              	MPU6050_RecalibrateBias:
 582              	.LVL62:
 583              	.LFB71:
 146:Core/Src/mpu6050.c **** 
 147:Core/Src/mpu6050.c **** void MPU6050_RecalibrateBias(MPU6050_t *mpu) {
 584              		.loc 1 147 46 is_stmt 1 view -0
 585              		.cfi_startproc
 586              		@ args = 0, pretend = 0, frame = 0
 587              		@ frame_needed = 0, uses_anonymous_args = 0
 588              		.loc 1 147 46 is_stmt 0 view .LVU142
 589 0000 38B5     		push	{r3, r4, r5, lr}
 590              	.LCFI15:
 591              		.cfi_def_cfa_offset 16
 592              		.cfi_offset 3, -16
 593              		.cfi_offset 4, -12
 594              		.cfi_offset 5, -8
 595              		.cfi_offset 14, -4
 148:Core/Src/mpu6050.c ****   /**
 149:Core/Src/mpu6050.c ****    * Online bias recalibration — call ONLY when robot is stationary!
 150:Core/Src/mpu6050.c ****    * Uses exponential moving average to slowly adjust the gyro bias.
 151:Core/Src/mpu6050.c ****    * This compensates for thermal drift without blocking like full calibration.
 152:Core/Src/mpu6050.c ****    *
 153:Core/Src/mpu6050.c ****    * At 200 Hz with RECAL_ALPHA=0.001, time constant ≈ 5 seconds.
 154:Core/Src/mpu6050.c ****    * After ~10 seconds idle, bias is well-corrected for the current temperature.
 155:Core/Src/mpu6050.c ****    */
 156:Core/Src/mpu6050.c ****   if (!mpu->is_calibrated)
 596              		.loc 1 156 3 is_stmt 1 view .LVU143
 597              		.loc 1 156 11 is_stmt 0 view .LVU144
 598 0002 837C     		ldrb	r3, [r0, #18]	@ zero_extendqisi2
 599              		.loc 1 156 6 view .LVU145
 600 0004 03B9     		cbnz	r3, .L40
 601              	.LVL63:
 602              	.L37:
 157:Core/Src/mpu6050.c ****     return;
 158:Core/Src/mpu6050.c **** 
 159:Core/Src/mpu6050.c ****   float raw = (float)MPU6050_ReadGyroZ_Raw(mpu);
 160:Core/Src/mpu6050.c ****   mpu->gyro_z_bias += RECAL_ALPHA * (raw - mpu->gyro_z_bias);
 161:Core/Src/mpu6050.c **** }
 603              		.loc 1 161 1 view .LVU146
 604 0006 38BD     		pop	{r3, r4, r5, pc}
 605              	.LVL64:
 606              	.L40:
 607              		.loc 1 161 1 view .LVU147
 608 0008 0446     		mov	r4, r0
 159:Core/Src/mpu6050.c ****   mpu->gyro_z_bias += RECAL_ALPHA * (raw - mpu->gyro_z_bias);
 609              		.loc 1 159 3 is_stmt 1 view .LVU148
 159:Core/Src/mpu6050.c ****   mpu->gyro_z_bias += RECAL_ALPHA * (raw - mpu->gyro_z_bias);
 610              		.loc 1 159 22 is_stmt 0 view .LVU149
 611 000a FFF7FEFF 		bl	MPU6050_ReadGyroZ_Raw
 612              	.LVL65:
 159:Core/Src/mpu6050.c ****   mpu->gyro_z_bias += RECAL_ALPHA * (raw - mpu->gyro_z_bias);
 613              		.loc 1 159 9 discriminator 1 view .LVU150
ARM GAS  /tmp/ccNRBmyo.s 			page 15


 614 000e FFF7FEFF 		bl	__aeabi_i2f
 615              	.LVL66:
 160:Core/Src/mpu6050.c **** }
 616              		.loc 1 160 3 is_stmt 1 view .LVU151
 160:Core/Src/mpu6050.c **** }
 617              		.loc 1 160 6 is_stmt 0 view .LVU152
 618 0012 6568     		ldr	r5, [r4, #4]	@ float
 160:Core/Src/mpu6050.c **** }
 619              		.loc 1 160 42 view .LVU153
 620 0014 2946     		mov	r1, r5
 621 0016 FFF7FEFF 		bl	__aeabi_fsub
 622              	.LVL67:
 160:Core/Src/mpu6050.c **** }
 623              		.loc 1 160 35 view .LVU154
 624 001a 0449     		ldr	r1, .L41
 625 001c FFF7FEFF 		bl	__aeabi_fmul
 626              	.LVL68:
 627 0020 0146     		mov	r1, r0
 160:Core/Src/mpu6050.c **** }
 628              		.loc 1 160 20 view .LVU155
 629 0022 2846     		mov	r0, r5
 630 0024 FFF7FEFF 		bl	__aeabi_fadd
 631              	.LVL69:
 632 0028 6060     		str	r0, [r4, #4]	@ float
 633 002a ECE7     		b	.L37
 634              	.L42:
 635              		.align	2
 636              	.L41:
 637 002c 6F12833A 		.word	981668463
 638              		.cfi_endproc
 639              	.LFE71:
 641              		.section	.text.MPU6050_ResetHeading,"ax",%progbits
 642              		.align	1
 643              		.global	MPU6050_ResetHeading
 644              		.syntax unified
 645              		.thumb
 646              		.thumb_func
 648              	MPU6050_ResetHeading:
 649              	.LVL70:
 650              	.LFB72:
 162:Core/Src/mpu6050.c **** 
 163:Core/Src/mpu6050.c **** void MPU6050_ResetHeading(MPU6050_t *mpu) { mpu->heading_deg = 0.0f; }
 651              		.loc 1 163 43 is_stmt 1 view -0
 652              		.cfi_startproc
 653              		@ args = 0, pretend = 0, frame = 0
 654              		@ frame_needed = 0, uses_anonymous_args = 0
 655              		@ link register save eliminated.
 656              		.loc 1 163 45 view .LVU157
 657              		.loc 1 163 62 is_stmt 0 view .LVU158
 658 0000 0023     		movs	r3, #0
 659 0002 8360     		str	r3, [r0, #8]	@ float
 660              		.loc 1 163 70 view .LVU159
 661 0004 7047     		bx	lr
 662              		.cfi_endproc
 663              	.LFE72:
 665              		.section	.text.MPU6050_GetHeading,"ax",%progbits
 666              		.align	1
ARM GAS  /tmp/ccNRBmyo.s 			page 16


 667              		.global	MPU6050_GetHeading
 668              		.syntax unified
 669              		.thumb
 670              		.thumb_func
 672              	MPU6050_GetHeading:
 673              	.LVL71:
 674              	.LFB73:
 164:Core/Src/mpu6050.c **** 
 165:Core/Src/mpu6050.c **** float MPU6050_GetHeading(MPU6050_t *mpu) { return mpu->heading_deg; }
 675              		.loc 1 165 42 is_stmt 1 view -0
 676              		.cfi_startproc
 677              		@ args = 0, pretend = 0, frame = 0
 678              		@ frame_needed = 0, uses_anonymous_args = 0
 679              		@ link register save eliminated.
 680              		.loc 1 165 44 view .LVU161
 681              		.loc 1 165 69 is_stmt 0 view .LVU162
 682 0000 8068     		ldr	r0, [r0, #8]	@ float
 683              	.LVL72:
 684              		.loc 1 165 69 view .LVU163
 685 0002 7047     		bx	lr
 686              		.cfi_endproc
 687              	.LFE73:
 689              		.section	.text.MPU6050_GetRate,"ax",%progbits
 690              		.align	1
 691              		.global	MPU6050_GetRate
 692              		.syntax unified
 693              		.thumb
 694              		.thumb_func
 696              	MPU6050_GetRate:
 697              	.LVL73:
 698              	.LFB74:
 166:Core/Src/mpu6050.c **** 
 167:Core/Src/mpu6050.c **** float MPU6050_GetRate(MPU6050_t *mpu) { return mpu->gyro_rate_dps; }
 699              		.loc 1 167 39 is_stmt 1 view -0
 700              		.cfi_startproc
 701              		@ args = 0, pretend = 0, frame = 0
 702              		@ frame_needed = 0, uses_anonymous_args = 0
 703              		@ link register save eliminated.
 704              		.loc 1 167 41 view .LVU165
 705              		.loc 1 167 68 is_stmt 0 view .LVU166
 706 0000 C068     		ldr	r0, [r0, #12]	@ float
 707              	.LVL74:
 708              		.loc 1 167 68 view .LVU167
 709 0002 7047     		bx	lr
 710              		.cfi_endproc
 711              	.LFE74:
 713              		.text
 714              	.Letext0:
 715              		.file 2 "/usr/arm-none-eabi/include/machine/_default_types.h"
 716              		.file 3 "/usr/arm-none-eabi/include/sys/_stdint.h"
 717              		.file 4 "Drivers/CMSIS/Device/ST/STM32F1xx/Include/stm32f103xb.h"
 718              		.file 5 "Drivers/STM32F1xx_HAL_Driver/Inc/stm32f1xx_hal_def.h"
 719              		.file 6 "Drivers/STM32F1xx_HAL_Driver/Inc/stm32f1xx_hal_dma.h"
 720              		.file 7 "Drivers/STM32F1xx_HAL_Driver/Inc/stm32f1xx_hal_i2c.h"
 721              		.file 8 "Core/Inc/mpu6050.h"
 722              		.file 9 "Drivers/STM32F1xx_HAL_Driver/Inc/stm32f1xx_hal.h"
ARM GAS  /tmp/ccNRBmyo.s 			page 17


DEFINED SYMBOLS
                            *ABS*:00000000 mpu6050.c
     /tmp/ccNRBmyo.s:19     .text.MPU6050_ReadReg:00000000 $t
     /tmp/ccNRBmyo.s:24     .text.MPU6050_ReadReg:00000000 MPU6050_ReadReg
     /tmp/ccNRBmyo.s:70     .text.MPU6050_ReadGyroZ_Raw:00000000 $t
     /tmp/ccNRBmyo.s:75     .text.MPU6050_ReadGyroZ_Raw:00000000 MPU6050_ReadGyroZ_Raw
     /tmp/ccNRBmyo.s:115    .text.MPU6050_WriteReg:00000000 $t
     /tmp/ccNRBmyo.s:120    .text.MPU6050_WriteReg:00000000 MPU6050_WriteReg
     /tmp/ccNRBmyo.s:167    .text.MPU6050_Init:00000000 $t
     /tmp/ccNRBmyo.s:173    .text.MPU6050_Init:00000000 MPU6050_Init
     /tmp/ccNRBmyo.s:307    .text.MPU6050_CalibrateGyro:00000000 $t
     /tmp/ccNRBmyo.s:313    .text.MPU6050_CalibrateGyro:00000000 MPU6050_CalibrateGyro
     /tmp/ccNRBmyo.s:433    .text.MPU6050_CalibrateGyro:00000058 $d
     /tmp/ccNRBmyo.s:438    .text.MPU6050_Update:00000000 $t
     /tmp/ccNRBmyo.s:444    .text.MPU6050_Update:00000000 MPU6050_Update
     /tmp/ccNRBmyo.s:566    .text.MPU6050_Update:00000080 $d
     /tmp/ccNRBmyo.s:575    .text.MPU6050_RecalibrateBias:00000000 $t
     /tmp/ccNRBmyo.s:581    .text.MPU6050_RecalibrateBias:00000000 MPU6050_RecalibrateBias
     /tmp/ccNRBmyo.s:637    .text.MPU6050_RecalibrateBias:0000002c $d
     /tmp/ccNRBmyo.s:642    .text.MPU6050_ResetHeading:00000000 $t
     /tmp/ccNRBmyo.s:648    .text.MPU6050_ResetHeading:00000000 MPU6050_ResetHeading
     /tmp/ccNRBmyo.s:666    .text.MPU6050_GetHeading:00000000 $t
     /tmp/ccNRBmyo.s:672    .text.MPU6050_GetHeading:00000000 MPU6050_GetHeading
     /tmp/ccNRBmyo.s:690    .text.MPU6050_GetRate:00000000 $t
     /tmp/ccNRBmyo.s:696    .text.MPU6050_GetRate:00000000 MPU6050_GetRate

UNDEFINED SYMBOLS
HAL_I2C_Mem_Read
HAL_I2C_Mem_Write
HAL_Delay
__aeabi_i2f
__aeabi_fadd
__aeabi_fdiv
__aeabi_fsub
__aeabi_fcmplt
__aeabi_fmul
__aeabi_fcmpgt
