ARM GAS  /tmp/ccYVrixo.s 			page 1


   1              		.cpu cortex-m3
   2              		.arch armv7-m
   3              		.fpu softvfp
   4              		.eabi_attribute 20, 1
   5              		.eabi_attribute 21, 1
   6              		.eabi_attribute 23, 3
   7              		.eabi_attribute 24, 1
   8              		.eabi_attribute 25, 1
   9              		.eabi_attribute 26, 1
  10              		.eabi_attribute 30, 1
  11              		.eabi_attribute 34, 1
  12              		.eabi_attribute 18, 4
  13              		.file	"pid.c"
  14              		.text
  15              	.Ltext0:
  16              		.cfi_sections	.debug_frame
  17              		.file 1 "Core/Src/pid.c"
  18              		.section	.text.PID_Init,"ax",%progbits
  19              		.align	1
  20              		.global	PID_Init
  21              		.syntax unified
  22              		.thumb
  23              		.thumb_func
  25              	PID_Init:
  26              	.LVL0:
  27              	.LFB0:
   1:Core/Src/pid.c **** /**
   2:Core/Src/pid.c ****  * @file    pid.c
   3:Core/Src/pid.c ****  * @brief   Generic PID controller with anti-windup (integral clamping)
   4:Core/Src/pid.c ****  */
   5:Core/Src/pid.c **** #include "pid.h"
   6:Core/Src/pid.c **** 
   7:Core/Src/pid.c **** void PID_Init(PID_t *pid, float Kp, float Ki, float Kd, float dt, float out_min,
   8:Core/Src/pid.c ****               float out_max) {
  28              		.loc 1 8 30 view -0
  29              		.cfi_startproc
  30              		@ args = 12, pretend = 0, frame = 0
  31              		@ frame_needed = 0, uses_anonymous_args = 0
  32              		.loc 1 8 30 is_stmt 0 view .LVU1
  33 0000 10B5     		push	{r4, lr}
  34              	.LCFI0:
  35              		.cfi_def_cfa_offset 8
  36              		.cfi_offset 4, -8
  37              		.cfi_offset 14, -4
  38 0002 0446     		mov	r4, r0
  39 0004 8C46     		mov	ip, r1
  40 0006 0399     		ldr	r1, [sp, #12]	@ float
  41              	.LVL1:
  42              		.loc 1 8 30 view .LVU2
  43 0008 0498     		ldr	r0, [sp, #16]	@ float
  44              	.LVL2:
   9:Core/Src/pid.c ****   pid->Kp = Kp;
  45              		.loc 1 9 3 is_stmt 1 view .LVU3
  46              		.loc 1 9 11 is_stmt 0 view .LVU4
  47 000a C4F800C0 		str	ip, [r4]	@ float
  10:Core/Src/pid.c ****   pid->Ki = Ki;
  48              		.loc 1 10 3 is_stmt 1 view .LVU5
ARM GAS  /tmp/ccYVrixo.s 			page 2


  49              		.loc 1 10 11 is_stmt 0 view .LVU6
  50 000e 6260     		str	r2, [r4, #4]	@ float
  11:Core/Src/pid.c ****   pid->Kd = Kd;
  51              		.loc 1 11 3 is_stmt 1 view .LVU7
  52              		.loc 1 11 11 is_stmt 0 view .LVU8
  53 0010 A360     		str	r3, [r4, #8]	@ float
  12:Core/Src/pid.c ****   pid->dt = dt;
  54              		.loc 1 12 3 is_stmt 1 view .LVU9
  55              		.loc 1 12 11 is_stmt 0 view .LVU10
  56 0012 029B     		ldr	r3, [sp, #8]	@ float
  57              	.LVL3:
  58              		.loc 1 12 11 view .LVU11
  59 0014 E360     		str	r3, [r4, #12]	@ float
  13:Core/Src/pid.c ****   pid->integral = 0.0f;
  60              		.loc 1 13 3 is_stmt 1 view .LVU12
  61              		.loc 1 13 17 is_stmt 0 view .LVU13
  62 0016 0023     		movs	r3, #0
  63 0018 2361     		str	r3, [r4, #16]	@ float
  14:Core/Src/pid.c ****   pid->prev_error = 0.0f;
  64              		.loc 1 14 3 is_stmt 1 view .LVU14
  65              		.loc 1 14 19 is_stmt 0 view .LVU15
  66 001a 6361     		str	r3, [r4, #20]	@ float
  15:Core/Src/pid.c ****   pid->out_min = out_min;
  67              		.loc 1 15 3 is_stmt 1 view .LVU16
  68              		.loc 1 15 16 is_stmt 0 view .LVU17
  69 001c A161     		str	r1, [r4, #24]	@ float
  16:Core/Src/pid.c ****   pid->out_max = out_max;
  70              		.loc 1 16 3 is_stmt 1 view .LVU18
  71              		.loc 1 16 16 is_stmt 0 view .LVU19
  72 001e E061     		str	r0, [r4, #28]	@ float
  17:Core/Src/pid.c ****   /* Anti-windup: limit integral contribution to 40% of output range */
  18:Core/Src/pid.c ****   pid->iterm_max = (out_max - out_min) * 0.4f;
  73              		.loc 1 18 3 is_stmt 1 view .LVU20
  74              		.loc 1 18 29 is_stmt 0 view .LVU21
  75 0020 FFF7FEFF 		bl	__aeabi_fsub
  76              	.LVL4:
  77              		.loc 1 18 40 view .LVU22
  78 0024 0249     		ldr	r1, .L3
  79 0026 FFF7FEFF 		bl	__aeabi_fmul
  80              	.LVL5:
  81              		.loc 1 18 18 view .LVU23
  82 002a 2062     		str	r0, [r4, #32]	@ float
  19:Core/Src/pid.c **** }
  83              		.loc 1 19 1 view .LVU24
  84 002c 10BD     		pop	{r4, pc}
  85              	.LVL6:
  86              	.L4:
  87              		.loc 1 19 1 view .LVU25
  88 002e 00BF     		.align	2
  89              	.L3:
  90 0030 CDCCCC3E 		.word	1053609165
  91              		.cfi_endproc
  92              	.LFE0:
  94              		.section	.text.PID_Compute,"ax",%progbits
  95              		.align	1
  96              		.global	PID_Compute
  97              		.syntax unified
ARM GAS  /tmp/ccYVrixo.s 			page 3


  98              		.thumb
  99              		.thumb_func
 101              	PID_Compute:
 102              	.LVL7:
 103              	.LFB1:
  20:Core/Src/pid.c **** 
  21:Core/Src/pid.c **** float PID_Compute(PID_t *pid, float setpoint, float feedback) {
 104              		.loc 1 21 63 is_stmt 1 view -0
 105              		.cfi_startproc
 106              		@ args = 0, pretend = 0, frame = 0
 107              		@ frame_needed = 0, uses_anonymous_args = 0
 108              		.loc 1 21 63 is_stmt 0 view .LVU27
 109 0000 2DE9F84F 		push	{r3, r4, r5, r6, r7, r8, r9, r10, fp, lr}
 110              	.LCFI1:
 111              		.cfi_def_cfa_offset 40
 112              		.cfi_offset 3, -40
 113              		.cfi_offset 4, -36
 114              		.cfi_offset 5, -32
 115              		.cfi_offset 6, -28
 116              		.cfi_offset 7, -24
 117              		.cfi_offset 8, -20
 118              		.cfi_offset 9, -16
 119              		.cfi_offset 10, -12
 120              		.cfi_offset 11, -8
 121              		.cfi_offset 14, -4
 122 0004 0446     		mov	r4, r0
 123 0006 0846     		mov	r0, r1
 124              	.LVL8:
  22:Core/Src/pid.c ****   float error = setpoint - feedback;
 125              		.loc 1 22 3 is_stmt 1 view .LVU28
 126              		.loc 1 22 9 is_stmt 0 view .LVU29
 127 0008 1146     		mov	r1, r2
 128              	.LVL9:
 129              		.loc 1 22 9 view .LVU30
 130 000a FFF7FEFF 		bl	__aeabi_fsub
 131              	.LVL10:
 132              		.loc 1 22 9 view .LVU31
 133 000e 0546     		mov	r5, r0
 134              	.LVL11:
  23:Core/Src/pid.c **** 
  24:Core/Src/pid.c ****   /* Proportional */
  25:Core/Src/pid.c ****   float p_term = pid->Kp * error;
 135              		.loc 1 25 3 is_stmt 1 view .LVU32
 136              		.loc 1 25 9 is_stmt 0 view .LVU33
 137 0010 0146     		mov	r1, r0
 138 0012 2068     		ldr	r0, [r4]	@ float
 139              	.LVL12:
 140              		.loc 1 25 9 view .LVU34
 141 0014 FFF7FEFF 		bl	__aeabi_fmul
 142              	.LVL13:
 143              		.loc 1 25 9 view .LVU35
 144 0018 8046     		mov	r8, r0
 145              	.LVL14:
  26:Core/Src/pid.c **** 
  27:Core/Src/pid.c ****   /* Integral with anti-windup */
  28:Core/Src/pid.c ****   pid->integral += error * pid->dt;
 146              		.loc 1 28 3 is_stmt 1 view .LVU36
ARM GAS  /tmp/ccYVrixo.s 			page 4


 147              		.loc 1 28 6 is_stmt 0 view .LVU37
 148 001a 2669     		ldr	r6, [r4, #16]	@ float
 149              		.loc 1 28 31 view .LVU38
 150 001c D4F80C90 		ldr	r9, [r4, #12]	@ float
 151              		.loc 1 28 26 view .LVU39
 152 0020 2946     		mov	r1, r5
 153 0022 4846     		mov	r0, r9
 154              	.LVL15:
 155              		.loc 1 28 26 view .LVU40
 156 0024 FFF7FEFF 		bl	__aeabi_fmul
 157              	.LVL16:
 158 0028 0146     		mov	r1, r0
 159              		.loc 1 28 17 view .LVU41
 160 002a 3046     		mov	r0, r6
 161 002c FFF7FEFF 		bl	__aeabi_fadd
 162              	.LVL17:
 163 0030 2061     		str	r0, [r4, #16]	@ float
  29:Core/Src/pid.c ****   float i_term = pid->Ki * pid->integral;
 164              		.loc 1 29 3 is_stmt 1 view .LVU42
 165              		.loc 1 29 21 is_stmt 0 view .LVU43
 166 0032 D4F804A0 		ldr	r10, [r4, #4]	@ float
 167              		.loc 1 29 9 view .LVU44
 168 0036 5146     		mov	r1, r10
 169 0038 FFF7FEFF 		bl	__aeabi_fmul
 170              	.LVL18:
 171 003c 0746     		mov	r7, r0
 172              	.LVL19:
  30:Core/Src/pid.c **** 
  31:Core/Src/pid.c ****   /* Clamp integral term */
  32:Core/Src/pid.c ****   if (i_term > pid->iterm_max) {
 173              		.loc 1 32 3 is_stmt 1 view .LVU45
 174              		.loc 1 32 19 is_stmt 0 view .LVU46
 175 003e 266A     		ldr	r6, [r4, #32]	@ float
 176              		.loc 1 32 6 view .LVU47
 177 0040 0146     		mov	r1, r0
 178 0042 3046     		mov	r0, r6
 179              	.LVL20:
 180              		.loc 1 32 6 view .LVU48
 181 0044 FFF7FEFF 		bl	__aeabi_fcmplt
 182              	.LVL21:
 183              		.loc 1 32 6 view .LVU49
 184 0048 0028     		cmp	r0, #0
 185 004a 2BD0     		beq	.L15
  33:Core/Src/pid.c ****     i_term = pid->iterm_max;
 186              		.loc 1 33 5 is_stmt 1 view .LVU50
 187              	.LVL22:
  34:Core/Src/pid.c ****     pid->integral = pid->iterm_max / pid->Ki;
 188              		.loc 1 34 5 view .LVU51
 189              		.loc 1 34 36 is_stmt 0 view .LVU52
 190 004c 5146     		mov	r1, r10
 191 004e 3046     		mov	r0, r6
 192 0050 FFF7FEFF 		bl	__aeabi_fdiv
 193              	.LVL23:
 194              		.loc 1 34 19 view .LVU53
 195 0054 2061     		str	r0, [r4, #16]	@ float
 196              	.L8:
  35:Core/Src/pid.c ****   } else if (i_term < -pid->iterm_max) {
ARM GAS  /tmp/ccYVrixo.s 			page 5


  36:Core/Src/pid.c ****     i_term = -pid->iterm_max;
  37:Core/Src/pid.c ****     pid->integral = -pid->iterm_max / pid->Ki;
  38:Core/Src/pid.c ****   }
  39:Core/Src/pid.c **** 
  40:Core/Src/pid.c ****   /* Derivative (on error, with low-pass implicit from fixed dt) */
  41:Core/Src/pid.c ****   float d_term = pid->Kd * (error - pid->prev_error) / pid->dt;
 197              		.loc 1 41 3 is_stmt 1 view .LVU54
 198              		.loc 1 41 21 is_stmt 0 view .LVU55
 199 0056 A768     		ldr	r7, [r4, #8]	@ float
 200              		.loc 1 41 35 view .LVU56
 201 0058 6169     		ldr	r1, [r4, #20]	@ float
 202 005a 2846     		mov	r0, r5
 203 005c FFF7FEFF 		bl	__aeabi_fsub
 204              	.LVL24:
 205 0060 0146     		mov	r1, r0
 206              		.loc 1 41 26 view .LVU57
 207 0062 3846     		mov	r0, r7
 208 0064 FFF7FEFF 		bl	__aeabi_fmul
 209              	.LVL25:
 210              		.loc 1 41 9 view .LVU58
 211 0068 4946     		mov	r1, r9
 212 006a FFF7FEFF 		bl	__aeabi_fdiv
 213              	.LVL26:
 214 006e 0746     		mov	r7, r0
 215              	.LVL27:
  42:Core/Src/pid.c ****   pid->prev_error = error;
 216              		.loc 1 42 3 is_stmt 1 view .LVU59
 217              		.loc 1 42 19 is_stmt 0 view .LVU60
 218 0070 6561     		str	r5, [r4, #20]	@ float
  43:Core/Src/pid.c **** 
  44:Core/Src/pid.c ****   /* Sum and clamp output */
  45:Core/Src/pid.c ****   float output = p_term + i_term + d_term;
 219              		.loc 1 45 3 is_stmt 1 view .LVU61
 220              		.loc 1 45 25 is_stmt 0 view .LVU62
 221 0072 4146     		mov	r1, r8
 222 0074 3046     		mov	r0, r6
 223              	.LVL28:
 224              		.loc 1 45 25 view .LVU63
 225 0076 FFF7FEFF 		bl	__aeabi_fadd
 226              	.LVL29:
 227              		.loc 1 45 9 view .LVU64
 228 007a 3946     		mov	r1, r7
 229 007c FFF7FEFF 		bl	__aeabi_fadd
 230              	.LVL30:
 231 0080 0546     		mov	r5, r0
 232              	.LVL31:
  46:Core/Src/pid.c **** 
  47:Core/Src/pid.c ****   if (output > pid->out_max)
 233              		.loc 1 47 3 is_stmt 1 view .LVU65
 234              		.loc 1 47 19 is_stmt 0 view .LVU66
 235 0082 E669     		ldr	r6, [r4, #28]	@ float
 236              	.LVL32:
 237              		.loc 1 47 6 view .LVU67
 238 0084 0146     		mov	r1, r0
 239 0086 3046     		mov	r0, r6
 240              	.LVL33:
 241              		.loc 1 47 6 view .LVU68
ARM GAS  /tmp/ccYVrixo.s 			page 6


 242 0088 FFF7FEFF 		bl	__aeabi_fcmplt
 243              	.LVL34:
 244              		.loc 1 47 6 view .LVU69
 245 008c 00B9     		cbnz	r0, .L10
  45:Core/Src/pid.c **** 
 246              		.loc 1 45 9 view .LVU70
 247 008e 2E46     		mov	r6, r5
 248              	.L10:
 249              	.LVL35:
  48:Core/Src/pid.c ****     output = pid->out_max;
  49:Core/Src/pid.c ****   if (output < pid->out_min)
 250              		.loc 1 49 3 is_stmt 1 view .LVU71
 251              		.loc 1 49 19 is_stmt 0 view .LVU72
 252 0090 A469     		ldr	r4, [r4, #24]	@ float
 253              	.LVL36:
 254              		.loc 1 49 6 view .LVU73
 255 0092 3146     		mov	r1, r6
 256 0094 2046     		mov	r0, r4
 257 0096 FFF7FEFF 		bl	__aeabi_fcmpgt
 258              	.LVL37:
 259 009a 00B9     		cbnz	r0, .L5
 260 009c 3446     		mov	r4, r6
  50:Core/Src/pid.c ****     output = pid->out_min;
  51:Core/Src/pid.c **** 
  52:Core/Src/pid.c ****   return output;
 261              		.loc 1 52 3 is_stmt 1 view .LVU74
 262              	.LVL38:
 263              	.L5:
  53:Core/Src/pid.c **** }
 264              		.loc 1 53 1 is_stmt 0 view .LVU75
 265 009e 2046     		mov	r0, r4
 266 00a0 BDE8F88F 		pop	{r3, r4, r5, r6, r7, r8, r9, r10, fp, pc}
 267              	.LVL39:
 268              	.L15:
  35:Core/Src/pid.c ****     i_term = -pid->iterm_max;
 269              		.loc 1 35 10 is_stmt 1 view .LVU76
  35:Core/Src/pid.c ****     i_term = -pid->iterm_max;
 270              		.loc 1 35 23 is_stmt 0 view .LVU77
 271 00a4 06F1004B 		add	fp, r6, #-2147483648
 272 00a8 5E46     		mov	r6, fp
  35:Core/Src/pid.c ****     i_term = -pid->iterm_max;
 273              		.loc 1 35 13 view .LVU78
 274 00aa 3946     		mov	r1, r7
 275 00ac 5846     		mov	r0, fp
 276 00ae FFF7FEFF 		bl	__aeabi_fcmpgt
 277              	.LVL40:
 278 00b2 28B1     		cbz	r0, .L16
  36:Core/Src/pid.c ****     pid->integral = -pid->iterm_max / pid->Ki;
 279              		.loc 1 36 5 is_stmt 1 view .LVU79
 280              	.LVL41:
  37:Core/Src/pid.c ****   }
 281              		.loc 1 37 5 view .LVU80
  37:Core/Src/pid.c ****   }
 282              		.loc 1 37 37 is_stmt 0 view .LVU81
 283 00b4 5146     		mov	r1, r10
 284 00b6 5846     		mov	r0, fp
 285 00b8 FFF7FEFF 		bl	__aeabi_fdiv
ARM GAS  /tmp/ccYVrixo.s 			page 7


 286              	.LVL42:
  37:Core/Src/pid.c ****   }
 287              		.loc 1 37 19 view .LVU82
 288 00bc 2061     		str	r0, [r4, #16]	@ float
 289 00be CAE7     		b	.L8
 290              	.LVL43:
 291              	.L16:
  29:Core/Src/pid.c **** 
 292              		.loc 1 29 9 view .LVU83
 293 00c0 3E46     		mov	r6, r7
 294 00c2 C8E7     		b	.L8
 295              		.cfi_endproc
 296              	.LFE1:
 298              		.section	.text.PID_Reset,"ax",%progbits
 299              		.align	1
 300              		.global	PID_Reset
 301              		.syntax unified
 302              		.thumb
 303              		.thumb_func
 305              	PID_Reset:
 306              	.LVL44:
 307              	.LFB2:
  54:Core/Src/pid.c **** 
  55:Core/Src/pid.c **** void PID_Reset(PID_t *pid) {
 308              		.loc 1 55 28 is_stmt 1 view -0
 309              		.cfi_startproc
 310              		@ args = 0, pretend = 0, frame = 0
 311              		@ frame_needed = 0, uses_anonymous_args = 0
 312              		@ link register save eliminated.
  56:Core/Src/pid.c ****   pid->integral = 0.0f;
 313              		.loc 1 56 3 view .LVU85
 314              		.loc 1 56 17 is_stmt 0 view .LVU86
 315 0000 0023     		movs	r3, #0
 316 0002 0361     		str	r3, [r0, #16]	@ float
  57:Core/Src/pid.c ****   pid->prev_error = 0.0f;
 317              		.loc 1 57 3 is_stmt 1 view .LVU87
 318              		.loc 1 57 19 is_stmt 0 view .LVU88
 319 0004 4361     		str	r3, [r0, #20]	@ float
  58:Core/Src/pid.c **** }
 320              		.loc 1 58 1 view .LVU89
 321 0006 7047     		bx	lr
 322              		.cfi_endproc
 323              	.LFE2:
 325              		.section	.text.PID_SetGains,"ax",%progbits
 326              		.align	1
 327              		.global	PID_SetGains
 328              		.syntax unified
 329              		.thumb
 330              		.thumb_func
 332              	PID_SetGains:
 333              	.LVL45:
 334              	.LFB3:
  59:Core/Src/pid.c **** 
  60:Core/Src/pid.c **** void PID_SetGains(PID_t *pid, float Kp, float Ki, float Kd) {
 335              		.loc 1 60 61 is_stmt 1 view -0
 336              		.cfi_startproc
 337              		@ args = 0, pretend = 0, frame = 0
ARM GAS  /tmp/ccYVrixo.s 			page 8


 338              		@ frame_needed = 0, uses_anonymous_args = 0
 339              		.loc 1 60 61 is_stmt 0 view .LVU91
 340 0000 08B5     		push	{r3, lr}
 341              	.LCFI2:
 342              		.cfi_def_cfa_offset 8
 343              		.cfi_offset 3, -8
 344              		.cfi_offset 14, -4
  61:Core/Src/pid.c ****   pid->Kp = Kp;
 345              		.loc 1 61 3 is_stmt 1 view .LVU92
 346              		.loc 1 61 11 is_stmt 0 view .LVU93
 347 0002 0160     		str	r1, [r0]	@ float
  62:Core/Src/pid.c ****   pid->Ki = Ki;
 348              		.loc 1 62 3 is_stmt 1 view .LVU94
 349              		.loc 1 62 11 is_stmt 0 view .LVU95
 350 0004 4260     		str	r2, [r0, #4]	@ float
  63:Core/Src/pid.c ****   pid->Kd = Kd;
 351              		.loc 1 63 3 is_stmt 1 view .LVU96
 352              		.loc 1 63 11 is_stmt 0 view .LVU97
 353 0006 8360     		str	r3, [r0, #8]	@ float
  64:Core/Src/pid.c ****   PID_Reset(pid); /* Reset state when gains change */
 354              		.loc 1 64 3 is_stmt 1 view .LVU98
 355 0008 FFF7FEFF 		bl	PID_Reset
 356              	.LVL46:
  65:Core/Src/pid.c **** }
 357              		.loc 1 65 1 is_stmt 0 view .LVU99
 358 000c 08BD     		pop	{r3, pc}
 359              		.cfi_endproc
 360              	.LFE3:
 362              		.text
 363              	.Letext0:
 364              		.file 2 "Core/Inc/pid.h"
ARM GAS  /tmp/ccYVrixo.s 			page 9


DEFINED SYMBOLS
                            *ABS*:00000000 pid.c
     /tmp/ccYVrixo.s:19     .text.PID_Init:00000000 $t
     /tmp/ccYVrixo.s:25     .text.PID_Init:00000000 PID_Init
     /tmp/ccYVrixo.s:90     .text.PID_Init:00000030 $d
     /tmp/ccYVrixo.s:95     .text.PID_Compute:00000000 $t
     /tmp/ccYVrixo.s:101    .text.PID_Compute:00000000 PID_Compute
     /tmp/ccYVrixo.s:299    .text.PID_Reset:00000000 $t
     /tmp/ccYVrixo.s:305    .text.PID_Reset:00000000 PID_Reset
     /tmp/ccYVrixo.s:326    .text.PID_SetGains:00000000 $t
     /tmp/ccYVrixo.s:332    .text.PID_SetGains:00000000 PID_SetGains

UNDEFINED SYMBOLS
__aeabi_fsub
__aeabi_fmul
__aeabi_fadd
__aeabi_fcmplt
__aeabi_fdiv
__aeabi_fcmpgt
